#
# There is insufficient memory for the Java Runtime Environment to continue.
# Native memory allocation (malloc) failed to allocate 131088 bytes for Chunk::new
# Possible reasons:
#   The system is out of physical RAM or swap space
#   The process is running with CompressedOops enabled, and the Java Heap may be blocking the growth of the native heap
# Possible solutions:
#   Reduce memory load on the system
#   Increase physical memory or swap space
#   Check if swap backing store is full
#   Decrease Java heap size (-Xmx/-Xms)
#   Decrease number of Java threads
#   Decrease Java thread stack sizes (-Xss)
#   Set larger code cache with -XX:ReservedCodeCacheSize=
#   JVM is running with Zero Based Compressed Oops mode in which the Java heap is
#     placed in the first 32GB address space. The Java Heap base address is the
#     maximum limit for the native heap growth. Please use -XX:HeapBaseMinAddress
#     to set the Java Heap base and to place the Java Heap above 32GB virtual address.
# This output file may be truncated or incomplete.
#
#  Out of Memory Error (allocation.cpp:389), pid=12996, tid=0x0000000000004d34
#
# JRE version: Java(TM) SE Runtime Environment (8.0_251-b08) (build 1.8.0_251-b08)
# Java VM: Java HotSpot(TM) 64-Bit Server VM (25.251-b08 mixed mode windows-amd64 compressed oops)
# Failed to write core dump. Minidumps are not enabled by default on client versions of Windows
#

---------------  T H R E A D  ---------------

Current thread (0x000000001c84f800):  JavaThread "C2 CompilerThread0" daemon [_thread_in_native, id=19764, stack(0x000000001e200000,0x000000001e300000)]

Stack: [0x000000001e200000,0x000000001e300000]
[error occurred during error reporting (printing stack bounds), id 0xc0000005]

Native frames: (J=compiled Java code, j=interpreted, Vv=VM code, C=native code)


Current CompileTask:
C2:  32062 4547   !   4       org.apache.catalina.startup.ContextConfig::checkHandlesTypes (453 bytes)


---------------  P R O C E S S  ---------------

Java Threads: ( => current thread )
  0x000000001dd29000 JavaThread "localhost-startStop-1" daemon [_thread_in_native, id=20872, stack(0x00000000252a0000,0x00000000253a0000)]
  0x000000001f55d800 JavaThread "Tomcat-startStop-1" daemon [_thread_blocked, id=4388, stack(0x00000000251a0000,0x00000000252a0000)]
  0x000000001dc66800 JavaThread "Service Thread" daemon [_thread_blocked, id=21324, stack(0x000000001e500000,0x000000001e600000)]
  0x000000001dc61000 JavaThread "C1 CompilerThread2" daemon [_thread_blocked, id=20708, stack(0x000000001e400000,0x000000001e500000)]
  0x000000001dc5e000 JavaThread "C2 CompilerThread1" daemon [_thread_in_native, id=11568, stack(0x000000001e300000,0x000000001e400000)]
=>0x000000001c84f800 JavaThread "C2 CompilerThread0" daemon [_thread_in_native, id=19764, stack(0x000000001e200000,0x000000001e300000)]
  0x000000001c84d800 JavaThread "Attach Listener" daemon [_thread_blocked, id=20564, stack(0x000000001e100000,0x000000001e200000)]
  0x000000001dc08800 JavaThread "Signal Dispatcher" daemon [_thread_blocked, id=18260, stack(0x000000001e000000,0x000000001e100000)]
  0x00000000032ab800 JavaThread "Finalizer" daemon [_thread_blocked, id=16580, stack(0x000000001daa0000,0x000000001dba0000)]
  0x00000000032a3000 JavaThread "Reference Handler" daemon [_thread_blocked, id=11400, stack(0x000000001d9a0000,0x000000001daa0000)]
  0x00000000031b2800 JavaThread "main" [_thread_blocked, id=2908, stack(0x0000000003060000,0x0000000003160000)]

Other Threads:
  0x000000001c807000 VMThread [stack: 0x000000001d8a0000,0x000000001d9a0000] [id=18036]
  0x000000001dc82000 WatcherThread [stack: 0x000000001e600000,0x000000001e700000] [id=5988]

VM state:not at safepoint (normal execution)

VM Mutex/Monitor currently owned by a thread: None

heap address: 0x00000006c2a00000, size: 4054 MB, Compressed Oops mode: Zero based, Oop shift amount: 3
Narrow klass base: 0x0000000000000000, Narrow klass shift: 3
Compressed class space size: 1073741824 Address: 0x00000007c0000000

Heap:
 PSYoungGen      total 207872K, used 60970K [0x000000076b900000, 0x000000077ae80000, 0x00000007c0000000)
  eden space 176640K, 16% used [0x000000076b900000,0x000000076d60bf88,0x0000000776580000)
  from space 31232K, 99% used [0x0000000776580000,0x00000007783fec58,0x0000000778400000)
  to   space 29184K, 0% used [0x0000000778400000,0x0000000778400000,0x000000077a080000)
 ParOldGen       total 125440K, used 48803K [0x00000006c2a00000, 0x00000006ca480000, 0x000000076b900000)
  object space 125440K, 38% used [0x00000006c2a00000,0x00000006c59a8fb8,0x00000006ca480000)
 Metaspace       used 28770K, capacity 29426K, committed 29568K, reserved 1075200K
  class space    used 3408K, capacity 3625K, committed 3712K, reserved 1048576K

Card table byte_map: [0x0000000012670000,0x0000000012e60000] byte_map_base: 0x000000000f05b000

Marking Bits: (ParMarkBitMap*) 0x0000000050e0af90
 Begin Bits: [0x00000000137b0000, 0x0000000017708000)
 End Bits:   [0x0000000017708000, 0x000000001b660000)

Polling page: 0x0000000002d00000

CodeCache: size=245760Kb used=13759Kb max_used=14290Kb free=232000Kb
 bounds [0x00000000032b0000, 0x00000000040c0000, 0x00000000122b0000]
 total_blobs=4346 nmethods=3926 adapters=332
 compilation: enabled

Compilation events (10 events):
Event: 31.374 Thread 0x000000001dc61000 4605       2       java.io.DataInputStream::readUnsignedByte (22 bytes)
Event: 31.374 Thread 0x000000001dc61000 nmethod 4605 0x00000000033e2650 code [0x00000000033e27c0, 0x00000000033e29d8]
Event: 31.378 Thread 0x000000001dc61000 4606       2       org.apache.tomcat.util.bcel.classfile.ParameterAnnotations::<init> (16 bytes)
Event: 31.379 Thread 0x000000001dc61000 nmethod 4606 0x0000000003c3c690 code [0x0000000003c3c7e0, 0x0000000003c3c990]
Event: 31.379 Thread 0x000000001dc61000 4608       2       org.apache.tomcat.util.bcel.classfile.RuntimeVisibleParameterAnnotations::<init> (12 bytes)
Event: 31.379 Thread 0x000000001dc61000 nmethod 4608 0x00000000033e2290 code [0x00000000033e2400, 0x00000000033e2588]
Event: 31.379 Thread 0x000000001dc61000 4607       2       org.apache.tomcat.util.bcel.classfile.ParameterAnnotations::setParameterAnnotationTable (20 bytes)
Event: 31.379 Thread 0x000000001dc61000 nmethod 4607 0x0000000003b3a110 code [0x0000000003b3a260, 0x0000000003b3a3f0]
Event: 31.420 Thread 0x000000001dc61000 4610       2       org.apache.tomcat.util.bcel.classfile.ParameterAnnotations::<init> (70 bytes)
Event: 31.420 Thread 0x000000001dc61000 nmethod 4610 0x000000000344b3d0 code [0x000000000344b580, 0x000000000344baa8]

GC Heap History (10 events):
Event: 27.587 GC heap before
{Heap before GC invocations=6 (full 1):
 PSYoungGen      total 92672K, used 92669K [0x000000076b900000, 0x0000000774d00000, 0x00000007c0000000)
  eden space 81920K, 100% used [0x000000076b900000,0x0000000770900000,0x0000000770900000)
  from space 10752K, 99% used [0x0000000774280000,0x0000000774cff650,0x0000000774d00000)
  to   space 10752K, 0% used [0x0000000773800000,0x0000000773800000,0x0000000774280000)
 ParOldGen       total 125440K, used 13592K [0x00000006c2a00000, 0x00000006ca480000, 0x000000076b900000)
  object space 125440K, 10% used [0x00000006c2a00000,0x00000006c3746100,0x00000006ca480000)
 Metaspace       used 28733K, capacity 29416K, committed 29568K, reserved 1075200K
  class space    used 3404K, capacity 3623K, committed 3712K, reserved 1048576K
Event: 27.617 GC heap after
Heap after GC invocations=6 (full 1):
 PSYoungGen      total 115200K, used 10724K [0x000000076b900000, 0x0000000774a00000, 0x00000007c0000000)
  eden space 104448K, 0% used [0x000000076b900000,0x000000076b900000,0x0000000771f00000)
  from space 10752K, 99% used [0x0000000773800000,0x0000000774279080,0x0000000774280000)
  to   space 7680K, 0% used [0x0000000774280000,0x0000000774280000,0x0000000774a00000)
 ParOldGen       total 125440K, used 26972K [0x00000006c2a00000, 0x00000006ca480000, 0x000000076b900000)
  object space 125440K, 21% used [0x00000006c2a00000,0x00000006c4457278,0x00000006ca480000)
 Metaspace       used 28733K, capacity 29416K, committed 29568K, reserved 1075200K
  class space    used 3404K, capacity 3623K, committed 3712K, reserved 1048576K
}
Event: 28.336 GC heap before
{Heap before GC invocations=7 (full 1):
 PSYoungGen      total 115200K, used 115172K [0x000000076b900000, 0x0000000774a00000, 0x00000007c0000000)
  eden space 104448K, 100% used [0x000000076b900000,0x0000000771f00000,0x0000000771f00000)
  from space 10752K, 99% used [0x0000000773800000,0x0000000774279080,0x0000000774280000)
  to   space 7680K, 0% used [0x0000000774280000,0x0000000774280000,0x0000000774a00000)
 ParOldGen       total 125440K, used 26972K [0x00000006c2a00000, 0x00000006ca480000, 0x000000076b900000)
  object space 125440K, 21% used [0x00000006c2a00000,0x00000006c4457278,0x00000006ca480000)
 Metaspace       used 28745K, capacity 29416K, committed 29568K, reserved 1075200K
  class space    used 3404K, capacity 3623K, committed 3712K, reserved 1048576K
Event: 28.408 GC heap after
Heap after GC invocations=7 (full 1):
 PSYoungGen      total 121856K, used 7666K [0x000000076b900000, 0x0000000778980000, 0x00000007c0000000)
  eden space 114176K, 0% used [0x000000076b900000,0x000000076b900000,0x0000000772880000)
  from space 7680K, 99% used [0x0000000774280000,0x00000007749fc9c0,0x0000000774a00000)
  to   space 26624K, 0% used [0x0000000772880000,0x0000000772880000,0x0000000774280000)
 ParOldGen       total 125440K, used 43723K [0x00000006c2a00000, 0x00000006ca480000, 0x000000076b900000)
  object space 125440K, 34% used [0x00000006c2a00000,0x00000006c54b2cd0,0x00000006ca480000)
 Metaspace       used 28745K, capacity 29416K, committed 29568K, reserved 1075200K
  class space    used 3404K, capacity 3623K, committed 3712K, reserved 1048576K
}
Event: 29.276 GC heap before
{Heap before GC invocations=8 (full 1):
 PSYoungGen      total 121856K, used 121842K [0x000000076b900000, 0x0000000778980000, 0x00000007c0000000)
  eden space 114176K, 100% used [0x000000076b900000,0x0000000772880000,0x0000000772880000)
  from space 7680K, 99% used [0x0000000774280000,0x00000007749fc9c0,0x0000000774a00000)
  to   space 26624K, 0% used [0x0000000772880000,0x0000000772880000,0x0000000774280000)
 ParOldGen       total 125440K, used 43723K [0x00000006c2a00000, 0x00000006ca480000, 0x000000076b900000)
  object space 125440K, 34% used [0x00000006c2a00000,0x00000006c54b2cd0,0x00000006ca480000)
 Metaspace       used 28755K, capacity 29416K, committed 29568K, reserved 1075200K
  class space    used 3406K, capacity 3623K, committed 3712K, reserved 1048576K
Event: 29.318 GC heap after
Heap after GC invocations=8 (full 1):
 PSYoungGen      total 140800K, used 24005K [0x000000076b900000, 0x000000077a080000, 0x00000007c0000000)
  eden space 114176K, 0% used [0x000000076b900000,0x000000076b900000,0x0000000772880000)
  from space 26624K, 90% used [0x0000000772880000,0x0000000773ff15e8,0x0000000774280000)
  to   space 29184K, 0% used [0x0000000778400000,0x0000000778400000,0x000000077a080000)
 ParOldGen       total 125440K, used 43723K [0x00000006c2a00000, 0x00000006ca480000, 0x000000076b900000)
  object space 125440K, 34% used [0x00000006c2a00000,0x00000006c54b2cd0,0x00000006ca480000)
 Metaspace       used 28755K, capacity 29416K, committed 29568K, reserved 1075200K
  class space    used 3406K, capacity 3623K, committed 3712K, reserved 1048576K
}
Event: 30.147 GC heap before
{Heap before GC invocations=9 (full 1):
 PSYoungGen      total 140800K, used 138181K [0x000000076b900000, 0x000000077a080000, 0x00000007c0000000)
  eden space 114176K, 100% used [0x000000076b900000,0x0000000772880000,0x0000000772880000)
  from space 26624K, 90% used [0x0000000772880000,0x0000000773ff15e8,0x0000000774280000)
  to   space 29184K, 0% used [0x0000000778400000,0x0000000778400000,0x000000077a080000)
 ParOldGen       total 125440K, used 43723K [0x00000006c2a00000, 0x00000006ca480000, 0x000000076b900000)
  object space 125440K, 34% used [0x00000006c2a00000,0x00000006c54b2cd0,0x00000006ca480000)
 Metaspace       used 28757K, capacity 29416K, committed 29568K, reserved 1075200K
  class space    used 3406K, capacity 3623K, committed 3712K, reserved 1048576K
Event: 30.236 GC heap after
Heap after GC invocations=9 (full 1):
 PSYoungGen      total 205824K, used 24065K [0x000000076b900000, 0x000000077ae80000, 0x00000007c0000000)
  eden space 176640K, 0% used [0x000000076b900000,0x000000076b900000,0x0000000776580000)
  from space 29184K, 82% used [0x0000000778400000,0x0000000779b807c0,0x000000077a080000)
  to   space 31232K, 0% used [0x0000000776580000,0x0000000776580000,0x0000000778400000)
 ParOldGen       total 125440K, used 46739K [0x00000006c2a00000, 0x00000006ca480000, 0x000000076b900000)
  object space 125440K, 37% used [0x00000006c2a00000,0x00000006c57a4cf0,0x00000006ca480000)
 Metaspace       used 28757K, capacity 29416K, committed 29568K, reserved 1075200K
  class space    used 3406K, capacity 3623K, committed 3712K, reserved 1048576K
}
Event: 31.574 GC heap before
{Heap before GC invocations=10 (full 1):
 PSYoungGen      total 205824K, used 200705K [0x000000076b900000, 0x000000077ae80000, 0x00000007c0000000)
  eden space 176640K, 100% used [0x000000076b900000,0x0000000776580000,0x0000000776580000)
  from space 29184K, 82% used [0x0000000778400000,0x0000000779b807c0,0x000000077a080000)
  to   space 31232K, 0% used [0x0000000776580000,0x0000000776580000,0x0000000778400000)
 ParOldGen       total 125440K, used 46739K [0x00000006c2a00000, 0x00000006ca480000, 0x000000076b900000)
  object space 125440K, 37% used [0x00000006c2a00000,0x00000006c57a4cf0,0x00000006ca480000)
 Metaspace       used 28770K, capacity 29426K, committed 29568K, reserved 1075200K
  class space    used 3408K, capacity 3625K, committed 3712K, reserved 1048576K
Event: 31.672 GC heap after
Heap after GC invocations=10 (full 1):
 PSYoungGen      total 207872K, used 31227K [0x000000076b900000, 0x000000077ae80000, 0x00000007c0000000)
  eden space 176640K, 0% used [0x000000076b900000,0x000000076b900000,0x0000000776580000)
  from space 31232K, 99% used [0x0000000776580000,0x00000007783fec58,0x0000000778400000)
  to   space 29184K, 0% used [0x0000000778400000,0x0000000778400000,0x000000077a080000)
 ParOldGen       total 125440K, used 48803K [0x00000006c2a00000, 0x00000006ca480000, 0x000000076b900000)
  object space 125440K, 38% used [0x00000006c2a00000,0x00000006c59a8fb8,0x00000006ca480000)
 Metaspace       used 28770K, capacity 29426K, committed 29568K, reserved 1075200K
  class space    used 3408K, capacity 3625K, committed 3712K, reserved 1048576K
}

Deoptimization events (10 events):
Event: 26.682 Thread 0x000000001dd29000 Uncommon trap: reason=speculate_class_check action=maybe_recompile pc=0x0000000003a169b0 method=java.nio.charset.CharsetDecoder.reset()Ljava/nio/charset/CharsetDecoder; @ 1
Event: 27.134 Thread 0x000000001dd29000 Uncommon trap: reason=unloaded action=reinterpret pc=0x00000000035269a4 method=org.apache.tomcat.util.bcel.classfile.Constant.readConstant(Ljava/io/DataInputStream;)Lorg/apache/tomcat/util/bcel/classfile/Constant; @ 146
Event: 27.269 Thread 0x000000001dd29000 Uncommon trap: reason=unstable_if action=reinterpret pc=0x000000000351f540 method=org.apache.tomcat.util.bcel.classfile.ConstantUtf8.getCachedInstance(Ljava/lang/String;)Lorg/apache/tomcat/util/bcel/classfile/ConstantUtf8; @ 7
Event: 27.301 Thread 0x000000001dd29000 Uncommon trap: reason=unloaded action=reinterpret pc=0x0000000003e50364 method=org.apache.tomcat.util.bcel.classfile.Attribute.readAttribute(Ljava/io/DataInputStream;Lorg/apache/tomcat/util/bcel/classfile/ConstantPool;)Lorg/apache/tomcat/util/bcel/classfi
Event: 27.371 Thread 0x000000001dd29000 Uncommon trap: reason=unloaded action=reinterpret pc=0x0000000003e2238c method=org.apache.tomcat.util.bcel.classfile.Constant.readConstant(Ljava/io/DataInputStream;)Lorg/apache/tomcat/util/bcel/classfile/Constant; @ 187
Event: 27.515 Thread 0x000000001dd29000 Uncommon trap: reason=unloaded action=reinterpret pc=0x00000000038be038 method=org.apache.tomcat.util.bcel.classfile.Attribute.readAttribute(Ljava/io/DataInputStream;Lorg/apache/tomcat/util/bcel/classfile/ConstantPool;)Lorg/apache/tomcat/util/bcel/classfi
Event: 27.580 Thread 0x000000001dd29000 Uncommon trap: reason=unstable_if action=reinterpret pc=0x00000000038decdc method=org.apache.tomcat.util.bcel.classfile.ConstantUtf8$1.removeEldestEntry(Ljava/util/Map$Entry;)Z @ 7
Event: 27.879 Thread 0x000000001dd29000 Uncommon trap: reason=unstable_if action=reinterpret pc=0x00000000040ad3cc method=java.util.HashMap.removeNode(ILjava/lang/Object;Ljava/lang/Object;ZZ)Ljava/util/HashMap$Node; @ 71
Event: 27.896 Thread 0x000000001dd29000 Uncommon trap: reason=unstable_if action=reinterpret pc=0x000000000371ff20 method=java.util.HashMap.removeNode(ILjava/lang/Object;Ljava/lang/Object;ZZ)Ljava/util/HashMap$Node; @ 71
Event: 27.985 Thread 0x000000001dd29000 Uncommon trap: reason=unstable_if action=reinterpret pc=0x000000000388e568 method=org.codehaus.plexus.classworlds.realm.Entry.matches(Ljava/lang/String;)Z @ 209

Classes redefined (0 events):
No events

Internal exceptions (10 events):
Event: 5.832 Thread 0x00000000031b2800 Implicit null exception at 0x00000000035ea2af to 0x00000000035ea319
Event: 6.198 Thread 0x00000000031b2800 Implicit null exception at 0x00000000036bfbbb to 0x00000000036c01bd
Event: 12.781 Thread 0x00000000031b2800 Implicit null exception at 0x0000000003bd51ec to 0x0000000003bd6309
Event: 12.878 Thread 0x00000000031b2800 Exception <a 'java/lang/ClassNotFoundException': com/sun/tools/javac/api/JavacTool> (0x000000076e08dc60) thrown at [C:\jenkins\workspace\8-2-build-windows-amd64-cygwin\jdk8u251\737\hotspot\src\share\vm\classfile\systemDictionary.cpp, line 210]
Event: 15.458 Thread 0x00000000031b2800 Exception <a 'java/io/FileNotFoundException'> (0x000000076bfada28) thrown at [C:\jenkins\workspace\8-2-build-windows-amd64-cygwin\jdk8u251\737\hotspot\src\share\vm\prims\jni.cpp, line 710]
Event: 15.463 Thread 0x00000000031b2800 Exception <a 'java/io/FileNotFoundException'> (0x000000076bfe3378) thrown at [C:\jenkins\workspace\8-2-build-windows-amd64-cygwin\jdk8u251\737\hotspot\src\share\vm\prims\jni.cpp, line 710]
Event: 18.432 Thread 0x00000000031b2800 Exception <a 'java/io/FileNotFoundException'> (0x000000076f0a95d0) thrown at [C:\jenkins\workspace\8-2-build-windows-amd64-cygwin\jdk8u251\737\hotspot\src\share\vm\prims\jni.cpp, line 710]
Event: 26.430 Thread 0x000000001dd29000 Implicit null exception at 0x0000000003ea4bcc to 0x0000000003ea52ad
Event: 26.504 Thread 0x000000001dd29000 Implicit null exception at 0x0000000003531654 to 0x0000000003531a05
Event: 26.504 Thread 0x000000001dd29000 Implicit null exception at 0x00000000034d9696 to 0x00000000034d9a31

Events (10 events):
Event: 30.243 Executing VM operation: BulkRevokeBias
Event: 30.243 Executing VM operation: BulkRevokeBias done
Event: 30.975 loading class org/springframework/web/servlet/support/AbstractAnnotationConfigDispatcherServletInitializer
Event: 30.975 loading class org/springframework/web/servlet/support/AbstractAnnotationConfigDispatcherServletInitializer done
Event: 30.976 loading class org/springframework/web/servlet/support/AbstractDispatcherServletInitializer
Event: 30.976 loading class org/springframework/web/servlet/support/AbstractDispatcherServletInitializer done
Event: 31.574 Executing VM operation: ParallelGCFailedAllocation
Event: 31.672 Executing VM operation: ParallelGCFailedAllocation done
Event: 31.675 Executing VM operation: RevokeBias
Event: 31.675 Executing VM operation: RevokeBias done


Dynamic libraries:
0x00007ff776060000 - 0x00007ff776097000 	C:\Program Files\Java\jdk1.8.0_251\bin\javaw.exe
0x00007ff936680000 - 0x00007ff936870000 	C:\WINDOWS\SYSTEM32\ntdll.dll
0x00007ff9360d0000 - 0x00007ff936182000 	C:\WINDOWS\System32\KERNEL32.DLL
0x00007ff9338a0000 - 0x00007ff933b45000 	C:\WINDOWS\System32\KERNELBASE.dll
0x00007ff935e40000 - 0x00007ff935ee3000 	C:\WINDOWS\System32\ADVAPI32.dll
0x00007ff934e60000 - 0x00007ff934efe000 	C:\WINDOWS\System32\msvcrt.dll
0x00007ff934790000 - 0x00007ff934827000 	C:\WINDOWS\System32\sechost.dll
0x00007ff935180000 - 0x00007ff9352a0000 	C:\WINDOWS\System32\RPCRT4.dll
0x00007ff9363c0000 - 0x00007ff936554000 	C:\WINDOWS\System32\USER32.dll
0x00007ff9337d0000 - 0x00007ff9337f1000 	C:\WINDOWS\System32\win32u.dll
0x00007ff934830000 - 0x00007ff934856000 	C:\WINDOWS\System32\GDI32.dll
0x00007ff933630000 - 0x00007ff9337c6000 	C:\WINDOWS\System32\gdi32full.dll
0x00007ff933800000 - 0x00007ff93389e000 	C:\WINDOWS\System32\msvcp_win.dll
0x00007ff933e00000 - 0x00007ff933efa000 	C:\WINDOWS\System32\ucrtbase.dll
0x00007ff920850000 - 0x00007ff920ad4000 	C:\WINDOWS\WinSxS\amd64_microsoft.windows.common-controls_6595b64144ccf1df_6.0.18362.1198_none_9e820b57e45ad92f\COMCTL32.dll
0x00007ff9353e0000 - 0x00007ff935715000 	C:\WINDOWS\System32\combase.dll
0x00007ff934690000 - 0x00007ff934710000 	C:\WINDOWS\System32\bcryptPrimitives.dll
0x00007ff936560000 - 0x00007ff93658e000 	C:\WINDOWS\System32\IMM32.DLL
0x0000000050e90000 - 0x0000000050f62000 	C:\Program Files\Java\jdk1.8.0_251\jre\bin\msvcr100.dll
0x00000000505e0000 - 0x0000000050e8b000 	C:\Program Files\Java\jdk1.8.0_251\jre\bin\server\jvm.dll
0x00007ff934930000 - 0x00007ff934938000 	C:\WINDOWS\System32\PSAPI.DLL
0x00007ff92f990000 - 0x00007ff92f999000 	C:\WINDOWS\SYSTEM32\WSOCK32.dll
0x00007ff936190000 - 0x00007ff9361ff000 	C:\WINDOWS\System32\WS2_32.dll
0x00007ff931150000 - 0x00007ff931174000 	C:\WINDOWS\SYSTEM32\WINMM.dll
0x00007ff92c7b0000 - 0x00007ff92c7ba000 	C:\WINDOWS\SYSTEM32\VERSION.dll
0x00007ff931120000 - 0x00007ff93114d000 	C:\WINDOWS\SYSTEM32\WINMMBASE.dll
0x00007ff933b50000 - 0x00007ff933b9a000 	C:\WINDOWS\System32\cfgmgr32.dll
0x00007ff92d060000 - 0x00007ff92d06f000 	C:\Program Files\Java\jdk1.8.0_251\jre\bin\verify.dll
0x00007ff91ee30000 - 0x00007ff91ee59000 	C:\Program Files\Java\jdk1.8.0_251\jre\bin\java.dll
0x00007ff9253c0000 - 0x00007ff9253d6000 	C:\Program Files\Java\jdk1.8.0_251\jre\bin\zip.dll
0x00007ff935750000 - 0x00007ff935e37000 	C:\WINDOWS\System32\SHELL32.dll
0x00007ff936590000 - 0x00007ff936639000 	C:\WINDOWS\System32\shcore.dll
0x00007ff933f00000 - 0x00007ff934681000 	C:\WINDOWS\System32\windows.storage.dll
0x00007ff9335b0000 - 0x00007ff9335d3000 	C:\WINDOWS\System32\profapi.dll
0x00007ff933560000 - 0x00007ff9335aa000 	C:\WINDOWS\System32\powrprof.dll
0x00007ff933530000 - 0x00007ff933540000 	C:\WINDOWS\System32\UMPDC.dll
0x00007ff936360000 - 0x00007ff9363b2000 	C:\WINDOWS\System32\shlwapi.dll
0x00007ff9335e0000 - 0x00007ff9335f1000 	C:\WINDOWS\System32\kernel.appcore.dll
0x00007ff934710000 - 0x00007ff934727000 	C:\WINDOWS\System32\cryptsp.dll
0x00007ff91ed70000 - 0x00007ff91ed8a000 	C:\Program Files\Java\jdk1.8.0_251\jre\bin\net.dll
0x00007ff932d20000 - 0x00007ff932d87000 	C:\WINDOWS\system32\mswsock.dll
0x00007ff91ed50000 - 0x00007ff91ed62000 	C:\Program Files\Java\jdk1.8.0_251\jre\bin\nio.dll
0x00007ff932890000 - 0x00007ff9328c3000 	C:\WINDOWS\system32\rsaenh.dll
0x00007ff933600000 - 0x00007ff933626000 	C:\WINDOWS\System32\bcrypt.dll
0x00007ff933410000 - 0x00007ff933435000 	C:\WINDOWS\SYSTEM32\USERENV.dll
0x00007ff932ef0000 - 0x00007ff932efc000 	C:\WINDOWS\SYSTEM32\CRYPTBASE.dll
0x00007ff932a30000 - 0x00007ff932a6a000 	C:\WINDOWS\SYSTEM32\IPHLPAPI.DLL
0x00007ff936200000 - 0x00007ff936208000 	C:\WINDOWS\System32\NSI.dll
0x00007ff92c1f0000 - 0x00007ff92c206000 	C:\WINDOWS\SYSTEM32\dhcpcsvc6.DLL
0x00007ff92b720000 - 0x00007ff92b73c000 	C:\WINDOWS\SYSTEM32\dhcpcsvc.DLL
0x00007ff932a70000 - 0x00007ff932b3b000 	C:\WINDOWS\SYSTEM32\DNSAPI.dll
0x00007ff92a3d0000 - 0x00007ff92a3dd000 	C:\Program Files\Java\jdk1.8.0_251\jre\bin\management.dll

VM Arguments:
jvm_args: -Dmaven.home=D:\maven\apache-maven-3.3.9 -Dclassworlds.conf=E:\rope\SSMShoping\.metadata\.plugins\org.eclipse.m2e.launching\launches\m2conf2681335748623954167.tmp -Dmaven.multiModuleProjectDirectory=E:\rope\SSMShoping\e3-search-web -Dfile.encoding=GBK 
java_command: org.codehaus.plexus.classworlds.launcher.Launcher -B -s D:\maven\apache-maven-3.3.9\conf\settings.xml clean tomcat7:run
java_class_path (initial): D:\maven\apache-maven-3.3.9\boot\plexus-classworlds-2.5.2.jar
Launcher Type: SUN_STANDARD

Environment Variables:
JAVA_HOME=C:\Program Files\Java\jdk1.8.0_251
CLASSPATH=.;JAVA_HOME%/lib/tools.jar;C:\Program Files\Java\jdk1.8.0_251/lib/dt.jar
PATH=C:/Program Files/Java/jre1.8.0_251/bin/server;C:/Program Files/Java/jre1.8.0_251/bin;C:/Program Files/Java/jre1.8.0_251/lib/amd64;C:\Program Files (x86)\Common Files\Oracle\Java\javapath;C:\Program Files (x86)\NetSarang\Xftp 7\;C:\Program Files (x86)\NetSarang\Xshell 7\;D:\VMwareWorkstationsPro\bin\;C:\Program Files\Java\jdk1.8.0_251\bin;D:\maven\apache-maven-3.3.9\bin;C:\Program Files\Common Files\Oracle\Java\javapath;C:\Users\Administrator\AppData\Local\Programs\Python\Python37\Scripts\;C:\Users\Administrator\AppData\Local\Programs\Python\Python37\;C:\Program Files\Python37\Scripts\;C:\Program Files\Python37\;C:\Program Files (x86)\Intel\Intel(R) Management Engine Components\iCLS\;C:\Program Files\Intel\Intel(R) Management Engine Components\iCLS\;C:\WINDOWS\system32;C:\WINDOWS;C:\WINDOWS\System32\Wbem;C:\WINDOWS\System32\WindowsPowerShell\v1.0\;C:\WINDOWS\System32\OpenSSH\;D:\mysql\bin;C:\Program Files (x86)\NVIDIA Corporation\PhysX\Common;C:\Program Files\NVIDIA Corporation\NVIDIA NvDLISR;C:\Program Files (x86)\Intel\Intel(R) Management Engine Components\DAL;C:\Program Files\Intel\Intel(R) Management Engine Components\DAL;C:\Program Files (x86)\Intel\Intel(R) Management Engine Components\IPT;C:\Program Files\Intel\Intel(R) Management Engine Components\IPT;C:\Program Files\Microsoft SQL Server\130\Tools\Binn\;C:\WINDOWS\system32\config\systemprofile\.dnx\bin;C:\Program Files\Microsoft DNX\Dnvm\;D:\mongodb\server\bin;D:\node.js\node_global;D:\jboss\bin;D:\svn\bin;C:\Program Files\TortoiseGit\bin;D:\node.js\;C:\Program Files\Git\cmd;C:\Users\Administrator\AppData\Local\Microsoft\WindowsApps;D:\VSCode\Microsoft VS Code\bin;C:\Windows\System32;;D:\SSH;D:\IntelliJ IDEA 2020.1.2\bin;;D:\IntelliJ IDEA Community Edition 2019.2.4\bin;;D:\PyCharm 2019.3.3\bin;;C:\Users\Administrator\AppData\Roaming\npm;D:\eclipse-Mars4.5.2含sts插件\eclipse;
USERNAME=Administrator
OS=Windows_NT
PROCESSOR_IDENTIFIER=Intel64 Family 6 Model 94 Stepping 3, GenuineIntel



---------------  S Y S T E M  ---------------

OS: Windows 10.0 , 64 bit Build 18362 (10.0.18362.1110)

CPU:total 4 (initial active 4) (4 cores per cpu, 1 threads per core) family 6 model 94 stepping 3, cmov, cx8, fxsr, mmx, sse, sse2, sse3, ssse3, sse4.1, sse4.2, popcnt, avx, avx2, aes, clmul, erms, rtm, 3dnowpref, lzcnt, tsc, tscinvbit, bmi1, bmi2, adx

Memory: 4k page, physical 16600992k(3127688k free), swap 23099244k(5624k free)

vm_info: Java HotSpot(TM) 64-Bit Server VM (25.251-b08) for windows-amd64 JRE (1.8.0_251-b08), built on Mar 12 2020 06:31:49 by "" with MS VC++ 10.0 (VS2010)

time: Tue Nov 17 21:41:03 2020
timezone: 中国标准时间
elapsed time: 32 seconds (0d 0h 0m 32s)

