#
# There is insufficient memory for the Java Runtime Environment to continue.
# Native memory allocation (malloc) failed to allocate 131088 bytes for Chunk::new
# Possible reasons:
#   The system is out of physical RAM or swap space
#   The process is running with CompressedOops enabled, and the Java Heap may be blocking the growth of the native heap
# Possible solutions:
#   Reduce memory load on the system
#   Increase physical memory or swap space
#   Check if swap backing store is full
#   Decrease Java heap size (-Xmx/-Xms)
#   Decrease number of Java threads
#   Decrease Java thread stack sizes (-Xss)
#   Set larger code cache with -XX:ReservedCodeCacheSize=
#   JVM is running with Zero Based Compressed Oops mode in which the Java heap is
#     placed in the first 32GB address space. The Java Heap base address is the
#     maximum limit for the native heap growth. Please use -XX:HeapBaseMinAddress
#     to set the Java Heap base and to place the Java Heap above 32GB virtual address.
# This output file may be truncated or incomplete.
#
#  Out of Memory Error (allocation.cpp:389), pid=1960, tid=0x0000000000002bd8
#
# JRE version: Java(TM) SE Runtime Environment (8.0_251-b08) (build 1.8.0_251-b08)
# Java VM: Java HotSpot(TM) 64-Bit Server VM (25.251-b08 mixed mode windows-amd64 compressed oops)
# Failed to write core dump. Minidumps are not enabled by default on client versions of Windows
#

---------------  T H R E A D  ---------------

Current thread (0x000000001d073000):  JavaThread "C2 CompilerThread1" daemon [_thread_in_native, id=11224, stack(0x000000001d760000,0x000000001d860000)]

Stack: [0x000000001d760000,0x000000001d860000]
[error occurred during error reporting (printing stack bounds), id 0xc0000005]

Native frames: (J=compiled Java code, j=interpreted, Vv=VM code, C=native code)


Current CompileTask:
C2:  16106 4551   !   4       org.apache.catalina.startup.ContextConfig::checkHandlesTypes (453 bytes)


---------------  P R O C E S S  ---------------

Java Threads: ( => current thread )
  0x00000000240f2800 JavaThread "DubboSaveRegistryCache-thread-1" daemon [_thread_blocked, id=2548, stack(0x0000000028c50000,0x0000000028d50000)]
  0x000000001e89c000 JavaThread "localhost-startStop-1-EventThread" daemon [_thread_blocked, id=20872, stack(0x0000000028690000,0x0000000028790000)]
  0x0000000023e70000 JavaThread "localhost-startStop-1-SendThread(47.97.24.99:2181)" daemon [_thread_in_native, id=1460, stack(0x0000000028590000,0x0000000028690000)]
  0x0000000022ec9000 JavaThread "ZkClient-EventThread-17-47.97.24.99:2181" daemon [_thread_blocked, id=5980, stack(0x0000000028490000,0x0000000028590000)]
  0x00000000234ae800 JavaThread "DubboRegistryFailedRetryTimer-thread-1" daemon [_thread_blocked, id=4756, stack(0x0000000028390000,0x0000000028490000)]
  0x0000000022d3b800 JavaThread "Thread-2" daemon [_thread_in_native, id=21288, stack(0x0000000027a90000,0x0000000027b90000)]
  0x000000001e83a800 JavaThread "localhost-startStop-1" daemon [_thread_blocked, id=15248, stack(0x0000000023850000,0x0000000023950000)]
  0x000000001e887800 JavaThread "Tomcat-startStop-1" daemon [_thread_blocked, id=18260, stack(0x00000000234b0000,0x00000000235b0000)]
  0x000000001d0e4800 JavaThread "Service Thread" daemon [_thread_blocked, id=9276, stack(0x000000001d960000,0x000000001da60000)]
  0x000000001d08e800 JavaThread "C1 CompilerThread2" daemon [_thread_blocked, id=19600, stack(0x000000001d860000,0x000000001d960000)]
=>0x000000001d073000 JavaThread "C2 CompilerThread1" daemon [_thread_in_native, id=11224, stack(0x000000001d760000,0x000000001d860000)]
  0x000000001bd0e800 JavaThread "C2 CompilerThread0" daemon [_thread_in_native, id=19336, stack(0x000000001d660000,0x000000001d760000)]
  0x000000001bcc1000 JavaThread "Attach Listener" daemon [_thread_blocked, id=18996, stack(0x000000001d560000,0x000000001d660000)]
  0x000000001d068800 JavaThread "Signal Dispatcher" daemon [_thread_blocked, id=1876, stack(0x000000001d460000,0x000000001d560000)]
  0x000000000271c800 JavaThread "Finalizer" daemon [_thread_blocked, id=9680, stack(0x000000001cf00000,0x000000001d000000)]
  0x0000000002713000 JavaThread "Reference Handler" daemon [_thread_blocked, id=11712, stack(0x000000001ce00000,0x000000001cf00000)]
  0x0000000002622800 JavaThread "main" [_thread_blocked, id=17128, stack(0x0000000002520000,0x0000000002620000)]

Other Threads:
  0x000000001bc77000 VMThread [stack: 0x000000001cd00000,0x000000001ce00000] [id=3540]
  0x000000001d0e7000 WatcherThread [stack: 0x000000001da60000,0x000000001db60000] [id=18864]

VM state:at safepoint (normal execution)

VM Mutex/Monitor currently owned by a thread:  ([mutex/lock_event])
[0x000000000219e9a0] Threads_lock - owner thread: 0x000000001bc77000
[0x00000000026202d0] Heap_lock - owner thread: 0x000000001e83a800

heap address: 0x00000006c2a00000, size: 4054 MB, Compressed Oops mode: Zero based, Oop shift amount: 3
Narrow klass base: 0x0000000000000000, Narrow klass shift: 3
Compressed class space size: 1073741824 Address: 0x00000007c0000000

Heap:
 PSYoungGen      total 263168K, used 71599K [0x000000076b900000, 0x0000000784880000, 0x00000007c0000000)
  eden space 229376K, 31% used [0x000000076b900000,0x000000076feebcd8,0x0000000779900000)
  from space 33792K, 0% used [0x0000000779900000,0x0000000779900000,0x000000077ba00000)
  to   space 34816K, 5% used [0x0000000782680000,0x0000000782880000,0x0000000784880000)
 ParOldGen       total 181760K, used 37912K [0x00000006c2a00000, 0x00000006cdb80000, 0x000000076b900000)
  object space 181760K, 20% used [0x00000006c2a00000,0x00000006c4f06190,0x00000006cdb80000)
 Metaspace       used 39972K, capacity 40688K, committed 40960K, reserved 1089536K
  class space    used 4779K, capacity 5054K, committed 5120K, reserved 1048576K

Card table byte_map: [0x0000000011ae0000,0x00000000122d0000] byte_map_base: 0x000000000e4cb000

Marking Bits: (ParMarkBitMap*) 0x0000000050e0af90
 Begin Bits: [0x0000000012c20000, 0x0000000016b78000)
 End Bits:   [0x0000000016b78000, 0x000000001aad0000)

Polling page: 0x0000000000ae0000

CodeCache: size=245760Kb used=14462Kb max_used=14462Kb free=231297Kb
 bounds [0x0000000002720000, 0x0000000003550000, 0x0000000011720000]
 total_blobs=5056 nmethods=4587 adapters=380
 compilation: enabled

Compilation events (10 events):
Event: 16.064 Thread 0x000000001d08e800 5435       2       java.nio.ByteBuffer::allocate (22 bytes)
Event: 16.064 Thread 0x000000001d08e800 nmethod 5435 0x000000000354b290 code [0x000000000354b400, 0x000000000354b6f8]
Event: 16.064 Thread 0x000000001d08e800 5436       2       java.nio.HeapByteBuffer::<init> (13 bytes)
Event: 16.064 Thread 0x000000001d08e800 nmethod 5436 0x000000000354b850 code [0x000000000354b9c0, 0x000000000354bbe8]
Event: 16.076 Thread 0x000000001d08e800 5437       2       java.lang.ClassLoader::getResources (53 bytes)
Event: 16.077 Thread 0x000000001d08e800 nmethod 5437 0x000000000354bcd0 code [0x000000000354be80, 0x000000000354c3e8]
Event: 16.078 Thread 0x000000001d08e800 5438       2       java.util.Collections::enumeration (9 bytes)
Event: 16.079 Thread 0x000000001d08e800 nmethod 5438 0x000000000354c6d0 code [0x000000000354c840, 0x000000000354ca48]
Event: 16.080 Thread 0x000000001d08e800 5439       2       sun.misc.URLClassPath$1::<init> (45 bytes)
Event: 16.081 Thread 0x000000001d08e800 nmethod 5439 0x000000000354cb10 code [0x000000000354cc80, 0x000000000354ce88]

GC Heap History (10 events):
Event: 11.025 GC heap after
Heap after GC invocations=9 (full 1):
 PSYoungGen      total 181760K, used 22434K [0x000000076b900000, 0x0000000778e00000, 0x00000007c0000000)
  eden space 154112K, 0% used [0x000000076b900000,0x000000076b900000,0x0000000774f80000)
  from space 27648K, 81% used [0x0000000776c00000,0x00000007781e8878,0x0000000778700000)
  to   space 29184K, 0% used [0x0000000774f80000,0x0000000774f80000,0x0000000776c00000)
 ParOldGen       total 117760K, used 32777K [0x00000006c2a00000, 0x00000006c9d00000, 0x000000076b900000)
  object space 117760K, 27% used [0x00000006c2a00000,0x00000006c4a025b0,0x00000006c9d00000)
 Metaspace       used 28680K, capacity 29354K, committed 29568K, reserved 1075200K
  class space    used 3404K, capacity 3625K, committed 3712K, reserved 1048576K
}
Event: 12.119 GC heap before
{Heap before GC invocations=10 (full 1):
 PSYoungGen      total 181760K, used 176546K [0x000000076b900000, 0x0000000778e00000, 0x00000007c0000000)
  eden space 154112K, 100% used [0x000000076b900000,0x0000000774f80000,0x0000000774f80000)
  from space 27648K, 81% used [0x0000000776c00000,0x00000007781e8878,0x0000000778700000)
  to   space 29184K, 0% used [0x0000000774f80000,0x0000000774f80000,0x0000000776c00000)
 ParOldGen       total 117760K, used 32777K [0x00000006c2a00000, 0x00000006c9d00000, 0x000000076b900000)
  object space 117760K, 27% used [0x00000006c2a00000,0x00000006c4a025b0,0x00000006c9d00000)
 Metaspace       used 28691K, capacity 29354K, committed 29568K, reserved 1075200K
  class space    used 3406K, capacity 3625K, committed 3712K, reserved 1048576K
Event: 12.227 GC heap after
Heap after GC invocations=10 (full 1):
 PSYoungGen      total 183296K, used 28331K [0x000000076b900000, 0x000000077d980000, 0x00000007c0000000)
  eden space 154112K, 0% used [0x000000076b900000,0x000000076b900000,0x0000000774f80000)
  from space 29184K, 97% used [0x0000000774f80000,0x0000000776b2ae28,0x0000000776c00000)
  to   space 32256K, 0% used [0x000000077ba00000,0x000000077ba00000,0x000000077d980000)
 ParOldGen       total 117760K, used 36860K [0x00000006c2a00000, 0x00000006c9d00000, 0x000000076b900000)
  object space 117760K, 31% used [0x00000006c2a00000,0x00000006c4dff1d0,0x00000006c9d00000)
 Metaspace       used 28691K, capacity 29354K, committed 29568K, reserved 1075200K
  class space    used 3406K, capacity 3625K, committed 3712K, reserved 1048576K
}
Event: 12.936 GC heap before
{Heap before GC invocations=11 (full 1):
 PSYoungGen      total 183296K, used 182443K [0x000000076b900000, 0x000000077d980000, 0x00000007c0000000)
  eden space 154112K, 100% used [0x000000076b900000,0x0000000774f80000,0x0000000774f80000)
  from space 29184K, 97% used [0x0000000774f80000,0x0000000776b2ae28,0x0000000776c00000)
  to   space 32256K, 0% used [0x000000077ba00000,0x000000077ba00000,0x000000077d980000)
 ParOldGen       total 117760K, used 36860K [0x00000006c2a00000, 0x00000006c9d00000, 0x000000076b900000)
  object space 117760K, 31% used [0x00000006c2a00000,0x00000006c4dff1d0,0x00000006c9d00000)
 Metaspace       used 28731K, capacity 29418K, committed 29568K, reserved 1075200K
  class space    used 3409K, capacity 3625K, committed 3712K, reserved 1048576K
Event: 12.985 GC heap after
Heap after GC invocations=11 (full 1):
 PSYoungGen      total 261632K, used 25428K [0x000000076b900000, 0x000000077dc80000, 0x00000007c0000000)
  eden space 229376K, 0% used [0x000000076b900000,0x000000076b900000,0x0000000779900000)
  from space 32256K, 78% used [0x000000077ba00000,0x000000077d2d53d0,0x000000077d980000)
  to   space 33792K, 0% used [0x0000000779900000,0x0000000779900000,0x000000077ba00000)
 ParOldGen       total 117760K, used 37172K [0x00000006c2a00000, 0x00000006c9d00000, 0x000000076b900000)
  object space 117760K, 31% used [0x00000006c2a00000,0x00000006c4e4d1e0,0x00000006c9d00000)
 Metaspace       used 28731K, capacity 29418K, committed 29568K, reserved 1075200K
  class space    used 3409K, capacity 3625K, committed 3712K, reserved 1048576K
}
Event: 14.137 GC heap before
{Heap before GC invocations=12 (full 1):
 PSYoungGen      total 261632K, used 84949K [0x000000076b900000, 0x000000077dc80000, 0x00000007c0000000)
  eden space 229376K, 25% used [0x000000076b900000,0x000000076f320378,0x0000000779900000)
  from space 32256K, 78% used [0x000000077ba00000,0x000000077d2d53d0,0x000000077d980000)
  to   space 33792K, 0% used [0x0000000779900000,0x0000000779900000,0x000000077ba00000)
 ParOldGen       total 117760K, used 37172K [0x00000006c2a00000, 0x00000006c9d00000, 0x000000076b900000)
  object space 117760K, 31% used [0x00000006c2a00000,0x00000006c4e4d1e0,0x00000006c9d00000)
 Metaspace       used 34600K, capacity 35290K, committed 35496K, reserved 1081344K
  class space    used 4110K, capacity 4345K, committed 4352K, reserved 1048576K
Event: 14.158 GC heap after
Heap after GC invocations=12 (full 1):
 PSYoungGen      total 263168K, used 5171K [0x000000076b900000, 0x0000000784880000, 0x00000007c0000000)
  eden space 229376K, 0% used [0x000000076b900000,0x000000076b900000,0x0000000779900000)
  from space 33792K, 15% used [0x0000000779900000,0x0000000779e0cee8,0x000000077ba00000)
  to   space 34816K, 0% used [0x0000000782680000,0x0000000782680000,0x0000000784880000)
 ParOldGen       total 117760K, used 42994K [0x00000006c2a00000, 0x00000006c9d00000, 0x000000076b900000)
  object space 117760K, 36% used [0x00000006c2a00000,0x00000006c53fcb30,0x00000006c9d00000)
 Metaspace       used 34600K, capacity 35290K, committed 35496K, reserved 1081344K
  class space    used 4110K, capacity 4345K, committed 4352K, reserved 1048576K
}
Event: 14.158 GC heap before
{Heap before GC invocations=13 (full 2):
 PSYoungGen      total 263168K, used 5171K [0x000000076b900000, 0x0000000784880000, 0x00000007c0000000)
  eden space 229376K, 0% used [0x000000076b900000,0x000000076b900000,0x0000000779900000)
  from space 33792K, 15% used [0x0000000779900000,0x0000000779e0cee8,0x000000077ba00000)
  to   space 34816K, 0% used [0x0000000782680000,0x0000000782680000,0x0000000784880000)
 ParOldGen       total 117760K, used 42994K [0x00000006c2a00000, 0x00000006c9d00000, 0x000000076b900000)
  object space 117760K, 36% used [0x00000006c2a00000,0x00000006c53fcb30,0x00000006c9d00000)
 Metaspace       used 34600K, capacity 35290K, committed 35496K, reserved 1081344K
  class space    used 4110K, capacity 4345K, committed 4352K, reserved 1048576K
Event: 14.453 GC heap after
Heap after GC invocations=13 (full 2):
 PSYoungGen      total 263168K, used 0K [0x000000076b900000, 0x0000000784880000, 0x00000007c0000000)
  eden space 229376K, 0% used [0x000000076b900000,0x000000076b900000,0x0000000779900000)
  from space 33792K, 0% used [0x0000000779900000,0x0000000779900000,0x000000077ba00000)
  to   space 34816K, 0% used [0x0000000782680000,0x0000000782680000,0x0000000784880000)
 ParOldGen       total 181760K, used 37912K [0x00000006c2a00000, 0x00000006cdb80000, 0x000000076b900000)
  object space 181760K, 20% used [0x00000006c2a00000,0x00000006c4f06190,0x00000006cdb80000)
 Metaspace       used 34600K, capacity 35290K, committed 35496K, reserved 1081344K
  class space    used 4110K, capacity 4345K, committed 4352K, reserved 1048576K
}
Event: 16.088 GC heap before
{Heap before GC invocations=14 (full 2):
 PSYoungGen      total 263168K, used 71599K [0x000000076b900000, 0x0000000784880000, 0x00000007c0000000)
  eden space 229376K, 31% used [0x000000076b900000,0x000000076feebcd8,0x0000000779900000)
  from space 33792K, 0% used [0x0000000779900000,0x0000000779900000,0x000000077ba00000)
  to   space 34816K, 0% used [0x0000000782680000,0x0000000782680000,0x0000000784880000)
 ParOldGen       total 181760K, used 37912K [0x00000006c2a00000, 0x00000006cdb80000, 0x000000076b900000)
  object space 181760K, 20% used [0x00000006c2a00000,0x00000006c4f06190,0x00000006cdb80000)
 Metaspace       used 39972K, capacity 40688K, committed 40960K, reserved 1089536K
  class space    used 4779K, capacity 5054K, committed 5120K, reserved 1048576K

Deoptimization events (10 events):
Event: 15.503 Thread 0x0000000023e70000 Uncommon trap: reason=bimorphic action=maybe_recompile pc=0x00000000034506b8 method=java.io.DataInputStream.readFully([BII)V @ 34
Event: 15.529 Thread 0x000000001e83a800 Uncommon trap: reason=unstable_if action=reinterpret pc=0x0000000002fc7420 method=java.util.regex.Pattern$Curly.match0(Ljava/util/regex/Matcher;IILjava/lang/CharSequence;)Z @ 66
Event: 15.529 Thread 0x000000001e83a800 Uncommon trap: reason=unstable_if action=reinterpret pc=0x0000000002db191c method=java.util.regex.Pattern$Curly.match0(Ljava/util/regex/Matcher;IILjava/lang/CharSequence;)Z @ 66
Event: 15.560 Thread 0x0000000023e70000 Uncommon trap: reason=bimorphic action=maybe_recompile pc=0x00000000034506b8 method=java.io.DataInputStream.readFully([BII)V @ 34
Event: 15.561 Thread 0x0000000023e70000 Uncommon trap: reason=class_check action=maybe_recompile pc=0x0000000002c2a634 method=sun.nio.cs.UTF_8.updatePositions(Ljava/nio/Buffer;ILjava/nio/Buffer;I)V @ 3
Event: 15.561 Thread 0x0000000023e70000 Uncommon trap: reason=class_check action=maybe_recompile pc=0x0000000002c2a634 method=sun.nio.cs.UTF_8.updatePositions(Ljava/nio/Buffer;ILjava/nio/Buffer;I)V @ 3
Event: 15.561 Thread 0x0000000023e70000 Uncommon trap: reason=class_check action=maybe_recompile pc=0x0000000002c2a634 method=sun.nio.cs.UTF_8.updatePositions(Ljava/nio/Buffer;ILjava/nio/Buffer;I)V @ 3
Event: 15.561 Thread 0x0000000023e70000 Uncommon trap: reason=class_check action=maybe_recompile pc=0x0000000002c2a634 method=sun.nio.cs.UTF_8.updatePositions(Ljava/nio/Buffer;ILjava/nio/Buffer;I)V @ 3
Event: 15.561 Thread 0x0000000023e70000 Uncommon trap: reason=class_check action=maybe_recompile pc=0x0000000002c2b674 method=sun.nio.cs.UTF_8.updatePositions(Ljava/nio/Buffer;ILjava/nio/Buffer;I)V @ 3
Event: 15.595 Thread 0x0000000023e70000 Uncommon trap: reason=bimorphic action=maybe_recompile pc=0x00000000034506b8 method=java.io.DataInputStream.readFully([BII)V @ 34

Classes redefined (0 events):
No events

Internal exceptions (10 events):
Event: 15.232 Thread 0x000000001e83a800 Exception <a 'java/lang/ClassNotFoundException': com/alibaba/dubbo/config/AbstractConfigCustomizer> (0x000000076e1068f0) thrown at [C:\jenkins\workspace\8-2-build-windows-amd64-cygwin\jdk8u251\737\hotspot\src\share\vm\classfile\systemDictionary.cpp, line 
Event: 15.233 Thread 0x000000001e83a800 Exception <a 'java/lang/ClassNotFoundException': com/alibaba/dubbo/config/AbstractMethodConfigCustomizer> (0x000000076e140820) thrown at [C:\jenkins\workspace\8-2-build-windows-amd64-cygwin\jdk8u251\737\hotspot\src\share\vm\classfile\systemDictionary.cpp,
Event: 15.235 Thread 0x000000001e83a800 Exception <a 'java/lang/ClassNotFoundException': com/alibaba/dubbo/config/AbstractInterfaceConfigCustomizer> (0x000000076e1943e0) thrown at [C:\jenkins\workspace\8-2-build-windows-amd64-cygwin\jdk8u251\737\hotspot\src\share\vm\classfile\systemDictionary.c
Event: 15.237 Thread 0x000000001e83a800 Exception <a 'java/lang/ClassNotFoundException': com/alibaba/dubbo/config/AbstractReferenceConfigCustomizer> (0x000000076e202540) thrown at [C:\jenkins\workspace\8-2-build-windows-amd64-cygwin\jdk8u251\737\hotspot\src\share\vm\classfile\systemDictionary.c
Event: 15.239 Thread 0x000000001e83a800 Exception <a 'java/lang/ClassNotFoundException': com/alibaba/dubbo/config/ReferenceConfigCustomizer> (0x000000076e2648f8) thrown at [C:\jenkins\workspace\8-2-build-windows-amd64-cygwin\jdk8u251\737\hotspot\src\share\vm\classfile\systemDictionary.cpp, line
Event: 15.244 Thread 0x000000001e83a800 Exception <a 'java/lang/ClassNotFoundException': com/alibaba/dubbo/config/spring/ReferenceBeanCustomizer> (0x000000076e2c27e8) thrown at [C:\jenkins\workspace\8-2-build-windows-amd64-cygwin\jdk8u251\737\hotspot\src\share\vm\classfile\systemDictionary.cpp,
Event: 15.257 Thread 0x000000001e83a800 Exception <a 'java/lang/ClassNotFoundException': com/alibaba/dubbo/config/ApplicationConfigBeanInfo> (0x000000076e366138) thrown at [C:\jenkins\workspace\8-2-build-windows-amd64-cygwin\jdk8u251\737\hotspot\src\share\vm\classfile\systemDictionary.cpp, line
Event: 15.260 Thread 0x000000001e83a800 Exception <a 'java/lang/ClassNotFoundException': com/alibaba/dubbo/config/ApplicationConfigCustomizer> (0x000000076e39a328) thrown at [C:\jenkins\workspace\8-2-build-windows-amd64-cygwin\jdk8u251\737\hotspot\src\share\vm\classfile\systemDictionary.cpp, li
Event: 15.263 Thread 0x000000001e83a800 Exception <a 'java/lang/ClassNotFoundException': com/alibaba/dubbo/config/RegistryConfigBeanInfo> (0x000000076e404e18) thrown at [C:\jenkins\workspace\8-2-build-windows-amd64-cygwin\jdk8u251\737\hotspot\src\share\vm\classfile\systemDictionary.cpp, line 21
Event: 15.264 Thread 0x000000001e83a800 Exception <a 'java/lang/ClassNotFoundException': com/alibaba/dubbo/config/RegistryConfigCustomizer> (0x000000076e437c68) thrown at [C:\jenkins\workspace\8-2-build-windows-amd64-cygwin\jdk8u251\737\hotspot\src\share\vm\classfile\systemDictionary.cpp, line 

Events (10 events):
Event: 16.081 loading class com/alibaba/dubbo/remoting/exchange/support/header/HeaderExchangeClient done
Event: 16.081 loading class com/alibaba/dubbo/remoting/exchange/support/header/HeartBeatTask$ChannelProvider
Event: 16.081 loading class com/alibaba/dubbo/remoting/exchange/support/header/HeartBeatTask$ChannelProvider done
Event: 16.083 loading class com/alibaba/dubbo/remoting/transport/DecodeHandler
Event: 16.083 loading class com/alibaba/dubbo/remoting/transport/DecodeHandler done
Event: 16.083 loading class com/alibaba/dubbo/remoting/transport/AbstractChannelHandlerDelegate
Event: 16.083 loading class com/alibaba/dubbo/remoting/transport/AbstractChannelHandlerDelegate done
Event: 16.083 loading class com/alibaba/dubbo/remoting/transport/ChannelHandlerDelegate
Event: 16.083 loading class com/alibaba/dubbo/remoting/transport/ChannelHandlerDelegate done
Event: 16.084 Executing VM operation: CollectForMetadataAllocation


Dynamic libraries:
0x00007ff776060000 - 0x00007ff776097000 	C:\Program Files\Java\jdk1.8.0_251\bin\javaw.exe
0x00007ff936680000 - 0x00007ff936870000 	C:\WINDOWS\SYSTEM32\ntdll.dll
0x00007ff9360d0000 - 0x00007ff936182000 	C:\WINDOWS\System32\KERNEL32.DLL
0x00007ff9338a0000 - 0x00007ff933b45000 	C:\WINDOWS\System32\KERNELBASE.dll
0x00007ff935e40000 - 0x00007ff935ee3000 	C:\WINDOWS\System32\ADVAPI32.dll
0x00007ff934e60000 - 0x00007ff934efe000 	C:\WINDOWS\System32\msvcrt.dll
0x00007ff934790000 - 0x00007ff934827000 	C:\WINDOWS\System32\sechost.dll
0x00007ff935180000 - 0x00007ff9352a0000 	C:\WINDOWS\System32\RPCRT4.dll
0x00007ff9363c0000 - 0x00007ff936554000 	C:\WINDOWS\System32\USER32.dll
0x00007ff9337d0000 - 0x00007ff9337f1000 	C:\WINDOWS\System32\win32u.dll
0x00007ff934830000 - 0x00007ff934856000 	C:\WINDOWS\System32\GDI32.dll
0x00007ff933630000 - 0x00007ff9337c6000 	C:\WINDOWS\System32\gdi32full.dll
0x00007ff933800000 - 0x00007ff93389e000 	C:\WINDOWS\System32\msvcp_win.dll
0x00007ff933e00000 - 0x00007ff933efa000 	C:\WINDOWS\System32\ucrtbase.dll
0x00007ff920850000 - 0x00007ff920ad4000 	C:\WINDOWS\WinSxS\amd64_microsoft.windows.common-controls_6595b64144ccf1df_6.0.18362.1198_none_9e820b57e45ad92f\COMCTL32.dll
0x00007ff9353e0000 - 0x00007ff935715000 	C:\WINDOWS\System32\combase.dll
0x00007ff934690000 - 0x00007ff934710000 	C:\WINDOWS\System32\bcryptPrimitives.dll
0x00007ff936560000 - 0x00007ff93658e000 	C:\WINDOWS\System32\IMM32.DLL
0x0000000050e90000 - 0x0000000050f62000 	C:\Program Files\Java\jdk1.8.0_251\jre\bin\msvcr100.dll
0x00000000505e0000 - 0x0000000050e8b000 	C:\Program Files\Java\jdk1.8.0_251\jre\bin\server\jvm.dll
0x00007ff934930000 - 0x00007ff934938000 	C:\WINDOWS\System32\PSAPI.DLL
0x00007ff931150000 - 0x00007ff931174000 	C:\WINDOWS\SYSTEM32\WINMM.dll
0x00007ff92f990000 - 0x00007ff92f999000 	C:\WINDOWS\SYSTEM32\WSOCK32.dll
0x00007ff931120000 - 0x00007ff93114d000 	C:\WINDOWS\SYSTEM32\WINMMBASE.dll
0x00007ff936190000 - 0x00007ff9361ff000 	C:\WINDOWS\System32\WS2_32.dll
0x00007ff933b50000 - 0x00007ff933b9a000 	C:\WINDOWS\System32\cfgmgr32.dll
0x00007ff92c7b0000 - 0x00007ff92c7ba000 	C:\WINDOWS\SYSTEM32\VERSION.dll
0x00007ff92d060000 - 0x00007ff92d06f000 	C:\Program Files\Java\jdk1.8.0_251\jre\bin\verify.dll
0x00007ff91ee30000 - 0x00007ff91ee59000 	C:\Program Files\Java\jdk1.8.0_251\jre\bin\java.dll
0x00007ff9253c0000 - 0x00007ff9253d6000 	C:\Program Files\Java\jdk1.8.0_251\jre\bin\zip.dll
0x00007ff935750000 - 0x00007ff935e37000 	C:\WINDOWS\System32\SHELL32.dll
0x00007ff936590000 - 0x00007ff936639000 	C:\WINDOWS\System32\shcore.dll
0x00007ff933f00000 - 0x00007ff934681000 	C:\WINDOWS\System32\windows.storage.dll
0x00007ff9335b0000 - 0x00007ff9335d3000 	C:\WINDOWS\System32\profapi.dll
0x00007ff933560000 - 0x00007ff9335aa000 	C:\WINDOWS\System32\powrprof.dll
0x00007ff933530000 - 0x00007ff933540000 	C:\WINDOWS\System32\UMPDC.dll
0x00007ff936360000 - 0x00007ff9363b2000 	C:\WINDOWS\System32\shlwapi.dll
0x00007ff9335e0000 - 0x00007ff9335f1000 	C:\WINDOWS\System32\kernel.appcore.dll
0x00007ff934710000 - 0x00007ff934727000 	C:\WINDOWS\System32\cryptsp.dll
0x00007ff91ed70000 - 0x00007ff91ed8a000 	C:\Program Files\Java\jdk1.8.0_251\jre\bin\net.dll
0x00007ff932d20000 - 0x00007ff932d87000 	C:\WINDOWS\system32\mswsock.dll
0x00007ff91ed50000 - 0x00007ff91ed62000 	C:\Program Files\Java\jdk1.8.0_251\jre\bin\nio.dll
0x00007ff932890000 - 0x00007ff9328c3000 	C:\WINDOWS\system32\rsaenh.dll
0x00007ff933600000 - 0x00007ff933626000 	C:\WINDOWS\System32\bcrypt.dll
0x00007ff933410000 - 0x00007ff933435000 	C:\WINDOWS\SYSTEM32\USERENV.dll
0x00007ff932ef0000 - 0x00007ff932efc000 	C:\WINDOWS\SYSTEM32\CRYPTBASE.dll
0x00007ff932a30000 - 0x00007ff932a6a000 	C:\WINDOWS\SYSTEM32\IPHLPAPI.DLL
0x00007ff936200000 - 0x00007ff936208000 	C:\WINDOWS\System32\NSI.dll
0x00007ff92c1f0000 - 0x00007ff92c206000 	C:\WINDOWS\SYSTEM32\dhcpcsvc6.DLL
0x00007ff92b720000 - 0x00007ff92b73c000 	C:\WINDOWS\SYSTEM32\dhcpcsvc.DLL
0x00007ff932a70000 - 0x00007ff932b3b000 	C:\WINDOWS\SYSTEM32\DNSAPI.dll
0x00007ff92a3d0000 - 0x00007ff92a3dd000 	C:\Program Files\Java\jdk1.8.0_251\jre\bin\management.dll
0x00007ff917c70000 - 0x00007ff917c86000 	C:\WINDOWS\system32\napinsp.dll
0x00007ff917c50000 - 0x00007ff917c6a000 	C:\WINDOWS\system32\pnrpnsp.dll
0x00007ff917c40000 - 0x00007ff917c4e000 	C:\WINDOWS\System32\winrnr.dll
0x00007ff92f670000 - 0x00007ff92f68c000 	C:\WINDOWS\system32\NLAapi.dll
0x00007ff92eaf0000 - 0x00007ff92eb05000 	C:\WINDOWS\system32\wshbth.dll
0x00007ff92a860000 - 0x00007ff92a86a000 	C:\Windows\System32\rasadhlp.dll
0x00007ff92a590000 - 0x00007ff92a607000 	C:\WINDOWS\System32\fwpuclnt.dll

VM Arguments:
jvm_args: -Dmaven.home=D:\maven\apache-maven-3.3.9 -Dclassworlds.conf=E:\rope\SSMShoping\.metadata\.plugins\org.eclipse.m2e.launching\launches\m2conf3102711956002120174.tmp -Dmaven.multiModuleProjectDirectory=E:\rope\SSMShoping\e3-search-web -Dfile.encoding=GBK 
java_command: org.codehaus.plexus.classworlds.launcher.Launcher -B -s D:\maven\apache-maven-3.3.9\conf\settings.xml clean tomcat7:run
java_class_path (initial): D:\maven\apache-maven-3.3.9\boot\plexus-classworlds-2.5.2.jar
Launcher Type: SUN_STANDARD

Environment Variables:
JAVA_HOME=C:\Program Files\Java\jdk1.8.0_251
CLASSPATH=.;JAVA_HOME%/lib/tools.jar;C:\Program Files\Java\jdk1.8.0_251/lib/dt.jar
PATH=C:/Program Files/Java/jre1.8.0_251/bin/server;C:/Program Files/Java/jre1.8.0_251/bin;C:/Program Files/Java/jre1.8.0_251/lib/amd64;C:\Program Files (x86)\Common Files\Oracle\Java\javapath;C:\Program Files (x86)\NetSarang\Xftp 7\;C:\Program Files (x86)\NetSarang\Xshell 7\;D:\VMwareWorkstationsPro\bin\;C:\Program Files\Java\jdk1.8.0_251\bin;D:\maven\apache-maven-3.3.9\bin;C:\Program Files\Common Files\Oracle\Java\javapath;C:\Users\Administrator\AppData\Local\Programs\Python\Python37\Scripts\;C:\Users\Administrator\AppData\Local\Programs\Python\Python37\;C:\Program Files\Python37\Scripts\;C:\Program Files\Python37\;C:\Program Files (x86)\Intel\Intel(R) Management Engine Components\iCLS\;C:\Program Files\Intel\Intel(R) Management Engine Components\iCLS\;C:\WINDOWS\system32;C:\WINDOWS;C:\WINDOWS\System32\Wbem;C:\WINDOWS\System32\WindowsPowerShell\v1.0\;C:\WINDOWS\System32\OpenSSH\;D:\mysql\bin;C:\Program Files (x86)\NVIDIA Corporation\PhysX\Common;C:\Program Files\NVIDIA Corporation\NVIDIA NvDLISR;C:\Program Files (x86)\Intel\Intel(R) Management Engine Components\DAL;C:\Program Files\Intel\Intel(R) Management Engine Components\DAL;C:\Program Files (x86)\Intel\Intel(R) Management Engine Components\IPT;C:\Program Files\Intel\Intel(R) Management Engine Components\IPT;C:\Program Files\Microsoft SQL Server\130\Tools\Binn\;C:\WINDOWS\system32\config\systemprofile\.dnx\bin;C:\Program Files\Microsoft DNX\Dnvm\;D:\mongodb\server\bin;D:\node.js\node_global;D:\jboss\bin;D:\svn\bin;C:\Program Files\TortoiseGit\bin;D:\node.js\;C:\Program Files\Git\cmd;C:\Users\Administrator\AppData\Local\Microsoft\WindowsApps;D:\VSCode\Microsoft VS Code\bin;C:\Windows\System32;;D:\SSH;D:\IntelliJ IDEA 2020.1.2\bin;;D:\IntelliJ IDEA Community Edition 2019.2.4\bin;;D:\PyCharm 2019.3.3\bin;;C:\Users\Administrator\AppData\Roaming\npm;D:\eclipse-Mars4.5.2含sts插件\eclipse;
USERNAME=Administrator
OS=Windows_NT
PROCESSOR_IDENTIFIER=Intel64 Family 6 Model 94 Stepping 3, GenuineIntel



---------------  S Y S T E M  ---------------

OS: Windows 10.0 , 64 bit Build 18362 (10.0.18362.1110)

CPU:total 4 (initial active 4) (4 cores per cpu, 1 threads per core) family 6 model 94 stepping 3, cmov, cx8, fxsr, mmx, sse, sse2, sse3, ssse3, sse4.1, sse4.2, popcnt, avx, avx2, aes, clmul, erms, rtm, 3dnowpref, lzcnt, tsc, tscinvbit, bmi1, bmi2, adx

Memory: 4k page, physical 16600992k(3116332k free), swap 23099244k(21056k free)

vm_info: Java HotSpot(TM) 64-Bit Server VM (25.251-b08) for windows-amd64 JRE (1.8.0_251-b08), built on Mar 12 2020 06:31:49 by "" with MS VC++ 10.0 (VS2010)

time: Tue Nov 17 21:42:19 2020
timezone: 中国标准时间
elapsed time: 16 seconds (0d 0h 0m 16s)

