#
# There is insufficient memory for the Java Runtime Environment to continue.
# Native memory allocation (malloc) failed to allocate 74432 bytes for Chunk::new
# Possible reasons:
#   The system is out of physical RAM or swap space
#   The process is running with CompressedOops enabled, and the Java Heap may be blocking the growth of the native heap
# Possible solutions:
#   Reduce memory load on the system
#   Increase physical memory or swap space
#   Check if swap backing store is full
#   Decrease Java heap size (-Xmx/-Xms)
#   Decrease number of Java threads
#   Decrease Java thread stack sizes (-Xss)
#   Set larger code cache with -XX:ReservedCodeCacheSize=
#   JVM is running with Zero Based Compressed Oops mode in which the Java heap is
#     placed in the first 32GB address space. The Java Heap base address is the
#     maximum limit for the native heap growth. Please use -XX:HeapBaseMinAddress
#     to set the Java Heap base and to place the Java Heap above 32GB virtual address.
# This output file may be truncated or incomplete.
#
#  Out of Memory Error (allocation.cpp:389), pid=4376, tid=0x0000000000000d2c
#
# JRE version: Java(TM) SE Runtime Environment (8.0_251-b08) (build 1.8.0_251-b08)
# Java VM: Java HotSpot(TM) 64-Bit Server VM (25.251-b08 mixed mode windows-amd64 compressed oops)
# Failed to write core dump. Minidumps are not enabled by default on client versions of Windows
#

---------------  T H R E A D  ---------------

Current thread (0x000000001d69f800):  JavaThread "C2 CompilerThread1" daemon [_thread_in_native, id=3372, stack(0x000000001dd40000,0x000000001de40000)]

Stack: [0x000000001dd40000,0x000000001de40000]
[error occurred during error reporting (printing stack bounds), id 0xc0000005]

Native frames: (J=compiled Java code, j=interpreted, Vv=VM code, C=native code)


Current CompileTask:
C2:  87734 5746       4       org.springframework.core.ResolvableType::as (81 bytes)


---------------  P R O C E S S  ---------------

Java Threads: ( => current thread )
  0x000000001f1a4000 JavaThread "Thread-2" daemon [_thread_in_native, id=12196, stack(0x0000000000d90000,0x0000000000e90000)]
  0x000000001da3e800 JavaThread "localhost-startStop-1" daemon [_thread_in_vm, id=19752, stack(0x0000000022d20000,0x0000000022e20000)]
  0x000000001f79e800 JavaThread "Tomcat-startStop-1" daemon [_thread_blocked, id=5844, stack(0x00000000229f0000,0x0000000022af0000)]
  0x000000001d6a7800 JavaThread "Service Thread" daemon [_thread_blocked, id=6728, stack(0x000000001df40000,0x000000001e040000)]
  0x000000001d6a2000 JavaThread "C1 CompilerThread2" daemon [_thread_blocked, id=11616, stack(0x000000001de40000,0x000000001df40000)]
=>0x000000001d69f800 JavaThread "C2 CompilerThread1" daemon [_thread_in_native, id=3372, stack(0x000000001dd40000,0x000000001de40000)]
  0x000000001c32e800 JavaThread "C2 CompilerThread0" daemon [_thread_blocked, id=3340, stack(0x000000001dc40000,0x000000001dd40000)]
  0x000000001c2e1000 JavaThread "Attach Listener" daemon [_thread_blocked, id=4524, stack(0x000000001db40000,0x000000001dc40000)]
  0x000000001d648800 JavaThread "Signal Dispatcher" daemon [_thread_blocked, id=5156, stack(0x000000001da40000,0x000000001db40000)]
  0x0000000002d8c800 JavaThread "Finalizer" daemon [_thread_blocked, id=9840, stack(0x000000001d540000,0x000000001d640000)]
  0x0000000002d83000 JavaThread "Reference Handler" daemon [_thread_blocked, id=2372, stack(0x000000001d440000,0x000000001d540000)]
  0x0000000002c92800 JavaThread "main" [_thread_blocked, id=14344, stack(0x0000000002b70000,0x0000000002c70000)]

Other Threads:
  0x000000001c297000 VMThread [stack: 0x000000001d340000,0x000000001d440000] [id=12496]
  0x000000001d6ba800 WatcherThread [stack: 0x000000001e040000,0x000000001e140000] [id=1912]

VM state:not at safepoint (normal execution)

VM Mutex/Monitor currently owned by a thread: None

heap address: 0x00000006c2a00000, size: 4054 MB, Compressed Oops mode: Zero based, Oop shift amount: 3
Narrow klass base: 0x0000000000000000, Narrow klass shift: 3
Compressed class space size: 1073741824 Address: 0x00000007c0000000

Heap:
 PSYoungGen      total 455680K, used 53911K [0x000000076b900000, 0x000000078b380000, 0x00000007c0000000)
  eden space 403968K, 13% used [0x000000076b900000,0x000000076eda5c38,0x0000000784380000)
  from space 51712K, 0% used [0x0000000788100000,0x0000000788100000,0x000000078b380000)
  to   space 57344K, 0% used [0x0000000784380000,0x0000000784380000,0x0000000787b80000)
 ParOldGen       total 198144K, used 55994K [0x00000006c2a00000, 0x00000006ceb80000, 0x000000076b900000)
  object space 198144K, 28% used [0x00000006c2a00000,0x00000006c60aea70,0x00000006ceb80000)
 Metaspace       used 38132K, capacity 38892K, committed 39040K, reserved 1083392K
  class space    used 4506K, capacity 4732K, committed 4736K, reserved 1048576K

Card table byte_map: [0x0000000012150000,0x0000000012940000] byte_map_base: 0x000000000eb3b000

Marking Bits: (ParMarkBitMap*) 0x00000000510aaf90
 Begin Bits: [0x0000000013290000, 0x00000000171e8000)
 End Bits:   [0x00000000171e8000, 0x000000001b140000)

Polling page: 0x00000000007f0000

CodeCache: size=245760Kb used=18226Kb max_used=18240Kb free=227533Kb
 bounds [0x0000000002d90000, 0x0000000003f80000, 0x0000000011d90000]
 total_blobs=5344 nmethods=4894 adapters=362
 compilation: enabled

Compilation events (10 events):
Event: 87.663 Thread 0x000000001d6a2000 nmethod 5745 0x0000000003f5ab10 code [0x0000000003f5ae00, 0x0000000003f5c248]
Event: 87.663 Thread 0x000000001d6a2000 5750       1       org.springframework.beans.GenericTypeAwarePropertyDescriptor::getPropertyType (5 bytes)
Event: 87.663 Thread 0x000000001d6a2000 nmethod 5750 0x0000000003f62490 code [0x0000000003f625e0, 0x0000000003f626f0]
Event: 87.663 Thread 0x000000001d6a2000 5747       3       org.apache.commons.logging.impl.Log4JLogger::isTraceEnabled (11 bytes)
Event: 87.664 Thread 0x000000001d6a2000 nmethod 5747 0x0000000003f6c9d0 code [0x0000000003f6cb80, 0x0000000003f6d288]
Event: 87.664 Thread 0x000000001d6a2000 5748       1       org.springframework.util.ConcurrentReferenceHashMap$Segment::access$300 (5 bytes)
Event: 87.664 Thread 0x000000001d6a2000 nmethod 5748 0x0000000003f62190 code [0x0000000003f622e0, 0x0000000003f623d0]
Event: 87.664 Thread 0x000000001d6a2000 5749       1       org.springframework.util.ConcurrentReferenceHashMap$Segment::access$400 (5 bytes)
Event: 87.664 Thread 0x000000001d6a2000 nmethod 5749 0x0000000003f6d5d0 code [0x0000000003f6d720, 0x0000000003f6d810]
Event: 87.676 Thread 0x000000001c32e800 nmethod 5751 0x0000000003f71190 code [0x0000000003f713a0, 0x0000000003f72080]

GC Heap History (10 events):
Event: 70.439 GC heap before
{Heap before GC invocations=8 (full 1):
 PSYoungGen      total 216064K, used 216052K [0x000000076b900000, 0x000000077c100000, 0x00000007c0000000)
  eden space 194048K, 100% used [0x000000076b900000,0x0000000777680000,0x0000000777680000)
  from space 22016K, 99% used [0x0000000779200000,0x000000077a77d328,0x000000077a780000)
  to   space 28160K, 0% used [0x0000000777680000,0x0000000777680000,0x0000000779200000)
 ParOldGen       total 104960K, used 30250K [0x00000006c2a00000, 0x00000006c9080000, 0x000000076b900000)
  object space 104960K, 28% used [0x00000006c2a00000,0x00000006c478a8b0,0x00000006c9080000)
 Metaspace       used 29208K, capacity 29910K, committed 30080K, reserved 1075200K
  class space    used 3447K, capacity 3659K, committed 3712K, reserved 1048576K
Event: 70.544 GC heap after
Heap after GC invocations=8 (full 1):
 PSYoungGen      total 222208K, used 28155K [0x000000076b900000, 0x0000000782d00000, 0x00000007c0000000)
  eden space 194048K, 0% used [0x000000076b900000,0x000000076b900000,0x0000000777680000)
  from space 28160K, 99% used [0x0000000777680000,0x00000007791fef38,0x0000000779200000)
  to   space 35840K, 0% used [0x0000000780a00000,0x0000000780a00000,0x0000000782d00000)
 ParOldGen       total 104960K, used 36510K [0x00000006c2a00000, 0x00000006c9080000, 0x000000076b900000)
  object space 104960K, 34% used [0x00000006c2a00000,0x00000006c4da7bb0,0x00000006c9080000)
 Metaspace       used 29208K, capacity 29910K, committed 30080K, reserved 1075200K
  class space    used 3447K, capacity 3659K, committed 3712K, reserved 1048576K
}
Event: 74.013 GC heap before
{Heap before GC invocations=9 (full 1):
 PSYoungGen      total 222208K, used 222203K [0x000000076b900000, 0x0000000782d00000, 0x00000007c0000000)
  eden space 194048K, 100% used [0x000000076b900000,0x0000000777680000,0x0000000777680000)
  from space 28160K, 99% used [0x0000000777680000,0x00000007791fef38,0x0000000779200000)
  to   space 35840K, 0% used [0x0000000780a00000,0x0000000780a00000,0x0000000782d00000)
 ParOldGen       total 104960K, used 36510K [0x00000006c2a00000, 0x00000006c9080000, 0x000000076b900000)
  object space 104960K, 34% used [0x00000006c2a00000,0x00000006c4da7bb0,0x00000006c9080000)
 Metaspace       used 29213K, capacity 29910K, committed 30080K, reserved 1075200K
  class space    used 3447K, capacity 3659K, committed 3712K, reserved 1048576K
Event: 74.129 GC heap after
Heap after GC invocations=9 (full 1):
 PSYoungGen      total 336384K, used 35831K [0x000000076b900000, 0x0000000783e80000, 0x00000007c0000000)
  eden space 300544K, 0% used [0x000000076b900000,0x000000076b900000,0x000000077de80000)
  from space 35840K, 99% used [0x0000000780a00000,0x0000000782cfded8,0x0000000782d00000)
  to   space 44544K, 0% used [0x000000077de80000,0x000000077de80000,0x0000000780a00000)
 ParOldGen       total 104960K, used 44696K [0x00000006c2a00000, 0x00000006c9080000, 0x000000076b900000)
  object space 104960K, 42% used [0x00000006c2a00000,0x00000006c55a60e8,0x00000006c9080000)
 Metaspace       used 29213K, capacity 29910K, committed 30080K, reserved 1075200K
  class space    used 3447K, capacity 3659K, committed 3712K, reserved 1048576K
}
Event: 78.062 GC heap before
{Heap before GC invocations=10 (full 1):
 PSYoungGen      total 336384K, used 336375K [0x000000076b900000, 0x0000000783e80000, 0x00000007c0000000)
  eden space 300544K, 100% used [0x000000076b900000,0x000000077de80000,0x000000077de80000)
  from space 35840K, 99% used [0x0000000780a00000,0x0000000782cfded8,0x0000000782d00000)
  to   space 44544K, 0% used [0x000000077de80000,0x000000077de80000,0x0000000780a00000)
 ParOldGen       total 104960K, used 44696K [0x00000006c2a00000, 0x00000006c9080000, 0x000000076b900000)
  object space 104960K, 42% used [0x00000006c2a00000,0x00000006c55a60e8,0x00000006c9080000)
 Metaspace       used 29225K, capacity 29910K, committed 30080K, reserved 1075200K
  class space    used 3449K, capacity 3659K, committed 3712K, reserved 1048576K
Event: 78.184 GC heap after
Heap after GC invocations=10 (full 1):
 PSYoungGen      total 345088K, used 44520K [0x000000076b900000, 0x000000078bb00000, 0x00000007c0000000)
  eden space 300544K, 0% used [0x000000076b900000,0x000000076b900000,0x000000077de80000)
  from space 44544K, 99% used [0x000000077de80000,0x00000007809fa110,0x0000000780a00000)
  to   space 59392K, 0% used [0x0000000788100000,0x0000000788100000,0x000000078bb00000)
 ParOldGen       total 104960K, used 63774K [0x00000006c2a00000, 0x00000006c9080000, 0x000000076b900000)
  object space 104960K, 60% used [0x00000006c2a00000,0x00000006c6847b58,0x00000006c9080000)
 Metaspace       used 29225K, capacity 29910K, committed 30080K, reserved 1075200K
  class space    used 3449K, capacity 3659K, committed 3712K, reserved 1048576K
}
Event: 83.575 GC heap before
{Heap before GC invocations=11 (full 1):
 PSYoungGen      total 345088K, used 253123K [0x000000076b900000, 0x000000078bb00000, 0x00000007c0000000)
  eden space 300544K, 69% used [0x000000076b900000,0x00000007784b6c58,0x000000077de80000)
  from space 44544K, 99% used [0x000000077de80000,0x00000007809fa110,0x0000000780a00000)
  to   space 59392K, 0% used [0x0000000788100000,0x0000000788100000,0x000000078bb00000)
 ParOldGen       total 104960K, used 63774K [0x00000006c2a00000, 0x00000006c9080000, 0x000000076b900000)
  object space 104960K, 60% used [0x00000006c2a00000,0x00000006c6847b58,0x00000006c9080000)
 Metaspace       used 34445K, capacity 35206K, committed 35416K, reserved 1081344K
  class space    used 4079K, capacity 4315K, committed 4352K, reserved 1048576K
Event: 83.691 GC heap after
Heap after GC invocations=11 (full 1):
 PSYoungGen      total 455680K, used 29706K [0x000000076b900000, 0x000000078b380000, 0x00000007c0000000)
  eden space 403968K, 0% used [0x000000076b900000,0x000000076b900000,0x0000000784380000)
  from space 51712K, 57% used [0x0000000788100000,0x0000000789e028b0,0x000000078b380000)
  to   space 57344K, 0% used [0x0000000784380000,0x0000000784380000,0x0000000787b80000)
 ParOldGen       total 104960K, used 65463K [0x00000006c2a00000, 0x00000006c9080000, 0x000000076b900000)
  object space 104960K, 62% used [0x00000006c2a00000,0x00000006c69edce8,0x00000006c9080000)
 Metaspace       used 34445K, capacity 35206K, committed 35416K, reserved 1081344K
  class space    used 4079K, capacity 4315K, committed 4352K, reserved 1048576K
}
Event: 83.691 GC heap before
{Heap before GC invocations=12 (full 2):
 PSYoungGen      total 455680K, used 29706K [0x000000076b900000, 0x000000078b380000, 0x00000007c0000000)
  eden space 403968K, 0% used [0x000000076b900000,0x000000076b900000,0x0000000784380000)
  from space 51712K, 57% used [0x0000000788100000,0x0000000789e028b0,0x000000078b380000)
  to   space 57344K, 0% used [0x0000000784380000,0x0000000784380000,0x0000000787b80000)
 ParOldGen       total 104960K, used 65463K [0x00000006c2a00000, 0x00000006c9080000, 0x000000076b900000)
  object space 104960K, 62% used [0x00000006c2a00000,0x00000006c69edce8,0x00000006c9080000)
 Metaspace       used 34445K, capacity 35206K, committed 35416K, reserved 1081344K
  class space    used 4079K, capacity 4315K, committed 4352K, reserved 1048576K
Event: 84.453 GC heap after
Heap after GC invocations=12 (full 2):
 PSYoungGen      total 455680K, used 0K [0x000000076b900000, 0x000000078b380000, 0x00000007c0000000)
  eden space 403968K, 0% used [0x000000076b900000,0x000000076b900000,0x0000000784380000)
  from space 51712K, 0% used [0x0000000788100000,0x0000000788100000,0x000000078b380000)
  to   space 57344K, 0% used [0x0000000784380000,0x0000000784380000,0x0000000787b80000)
 ParOldGen       total 198144K, used 55994K [0x00000006c2a00000, 0x00000006ceb80000, 0x000000076b900000)
  object space 198144K, 28% used [0x00000006c2a00000,0x00000006c60aea70,0x00000006ceb80000)
 Metaspace       used 34445K, capacity 35206K, committed 35416K, reserved 1081344K
  class space    used 4079K, capacity 4315K, committed 4352K, reserved 1048576K
}

Deoptimization events (10 events):
Event: 83.299 Thread 0x000000001da3e800 Uncommon trap: reason=class_check action=maybe_recompile pc=0x000000000344aa20 method=com.sun.org.apache.xerces.internal.impl.XMLDocumentFragmentScannerImpl$FragmentContentDriver.next()I @ 439
Event: 83.299 Thread 0x000000001da3e800 Uncommon trap: reason=class_check action=maybe_recompile pc=0x000000000344aa20 method=com.sun.org.apache.xerces.internal.impl.XMLDocumentFragmentScannerImpl$FragmentContentDriver.next()I @ 439
Event: 83.564 Thread 0x000000001da3e800 Uncommon trap: reason=class_check action=maybe_recompile pc=0x00000000033a3860 method=com.sun.org.apache.xerces.internal.impl.XMLDocumentFragmentScannerImpl$FragmentContentDriver.next()I @ 1410
Event: 83.565 Thread 0x000000001da3e800 Uncommon trap: reason=class_check action=maybe_recompile pc=0x00000000033a3860 method=com.sun.org.apache.xerces.internal.impl.XMLDocumentFragmentScannerImpl$FragmentContentDriver.next()I @ 1410
Event: 84.673 Thread 0x000000001da3e800 Uncommon trap: reason=unstable_if action=reinterpret pc=0x000000000345092c method=java.lang.ThreadLocal$ThreadLocalMap.getEntry(Ljava/lang/ThreadLocal;)Ljava/lang/ThreadLocal$ThreadLocalMap$Entry; @ 29
Event: 84.867 Thread 0x000000001da3e800 Uncommon trap: reason=predicate action=maybe_recompile pc=0x0000000003080434 method=sun.net.www.ParseUtil.encodePath(Ljava/lang/String;Z)Ljava/lang/String; @ 36
Event: 84.868 Thread 0x000000001da3e800 Uncommon trap: reason=unstable_if action=reinterpret pc=0x00000000032e7f94 method=java.lang.ClassLoader.getPackage(Ljava/lang/String;)Ljava/lang/Package; @ 60
Event: 85.100 Thread 0x000000001da3e800 Uncommon trap: reason=unstable_if action=reinterpret pc=0x000000000360963c method=java.util.ArrayList.remove(Ljava/lang/Object;)Z @ 59
Event: 85.530 Thread 0x000000001da3e800 Uncommon trap: reason=unstable_if action=reinterpret pc=0x000000000351d3f4 method=com.sun.org.apache.xerces.internal.impl.XMLEntityScanner.skipString(Ljava/lang/String;)Z @ 59
Event: 85.673 Thread 0x000000001da3e800 Uncommon trap: reason=unstable_if action=reinterpret pc=0x0000000003a41a6c method=java.lang.Integer.parseInt(Ljava/lang/String;I)I @ 122

Classes redefined (0 events):
No events

Internal exceptions (10 events):
Event: 87.267 Thread 0x000000001da3e800 Exception <a 'java/lang/ClassNotFoundException': org/springframework/aop/aspectj/AspectJExpressionPointcutBeanInfo> (0x000000076df00138) thrown at [C:\jenkins\workspace\8-2-build-windows-amd64-cygwin\jdk8u251\737\hotspot\src\share\vm\classfile\systemDicti
Event: 87.268 Thread 0x000000001da3e800 Exception <a 'java/lang/ClassNotFoundException': org/springframework/aop/support/AbstractExpressionPointcutBeanInfo> (0x000000076df29648) thrown at [C:\jenkins\workspace\8-2-build-windows-amd64-cygwin\jdk8u251\737\hotspot\src\share\vm\classfile\systemDict
Event: 87.269 Thread 0x000000001da3e800 Exception <a 'java/lang/ClassNotFoundException': org/springframework/aop/support/AbstractExpressionPointcutCustomizer> (0x000000076df53c80) thrown at [C:\jenkins\workspace\8-2-build-windows-amd64-cygwin\jdk8u251\737\hotspot\src\share\vm\classfile\systemDi
Event: 87.270 Thread 0x000000001da3e800 Exception <a 'java/lang/ClassNotFoundException': org/springframework/aop/aspectj/AspectJExpressionPointcutCustomizer> (0x000000076df84278) thrown at [C:\jenkins\workspace\8-2-build-windows-amd64-cygwin\jdk8u251\737\hotspot\src\share\vm\classfile\systemDic
Event: 87.445 Thread 0x000000001da3e800 Exception <a 'java/lang/ClassNotFoundException': com/alibaba/druid/pool/DruidDataSourceBeanInfo> (0x000000076e17d500) thrown at [C:\jenkins\workspace\8-2-build-windows-amd64-cygwin\jdk8u251\737\hotspot\src\share\vm\classfile\systemDictionary.cpp, line 210
Event: 87.446 Thread 0x000000001da3e800 Exception <a 'java/lang/ClassNotFoundException': com/alibaba/druid/pool/DruidAbstractDataSourceBeanInfo> (0x000000076e1a0a38) thrown at [C:\jenkins\workspace\8-2-build-windows-amd64-cygwin\jdk8u251\737\hotspot\src\share\vm\classfile\systemDictionary.cpp, 
Event: 87.624 Thread 0x000000001da3e800 Exception <a 'java/lang/ClassNotFoundException': com/alibaba/druid/pool/WrapperAdapterBeanInfo> (0x000000076e1c1030) thrown at [C:\jenkins\workspace\8-2-build-windows-amd64-cygwin\jdk8u251\737\hotspot\src\share\vm\classfile\systemDictionary.cpp, line 210]
Event: 87.624 Thread 0x000000001da3e800 Exception <a 'java/lang/ClassNotFoundException': com/alibaba/druid/pool/WrapperAdapterCustomizer> (0x000000076e1e1d78) thrown at [C:\jenkins\workspace\8-2-build-windows-amd64-cygwin\jdk8u251\737\hotspot\src\share\vm\classfile\systemDictionary.cpp, line 21
Event: 87.625 Thread 0x000000001da3e800 Exception <a 'java/lang/ClassNotFoundException': com/alibaba/druid/pool/DruidAbstractDataSourceCustomizer> (0x000000076e209740) thrown at [C:\jenkins\workspace\8-2-build-windows-amd64-cygwin\jdk8u251\737\hotspot\src\share\vm\classfile\systemDictionary.cpp
Event: 87.631 Thread 0x000000001da3e800 Exception <a 'java/lang/ClassNotFoundException': com/alibaba/druid/pool/DruidDataSourceCustomizer> (0x000000076e3032d0) thrown at [C:\jenkins\workspace\8-2-build-windows-amd64-cygwin\jdk8u251\737\hotspot\src\share\vm\classfile\systemDictionary.cpp, line 2

Events (10 events):
Event: 87.680 loading class org/aspectj/weaver/tools/TypePatternMatcher
Event: 87.680 loading class org/aspectj/weaver/tools/TypePatternMatcher done
Event: 87.681 loading class org/aspectj/weaver/tools/PointcutParameter
Event: 87.681 loading class org/aspectj/weaver/tools/PointcutParameter done
Event: 87.681 loading class org/aspectj/weaver/WeakClassLoaderReference
Event: 87.681 loading class org/aspectj/weaver/WeakClassLoaderReference done
Event: 87.682 loading class org/aspectj/weaver/ResolvedType
Event: 87.682 loading class org/aspectj/weaver/ResolvedType done
Event: 87.683 loading class org/aspectj/weaver/AnnotatedElement
Event: 87.683 loading class org/aspectj/weaver/AnnotatedElement done


Dynamic libraries:
0x00007ff646be0000 - 0x00007ff646c17000 	C:\Program Files\Java\jdk1.8.0_251\bin\javaw.exe
0x00007ff936680000 - 0x00007ff936870000 	C:\WINDOWS\SYSTEM32\ntdll.dll
0x00007ff9360d0000 - 0x00007ff936182000 	C:\WINDOWS\System32\KERNEL32.DLL
0x00007ff9338a0000 - 0x00007ff933b45000 	C:\WINDOWS\System32\KERNELBASE.dll
0x00007ff935e40000 - 0x00007ff935ee3000 	C:\WINDOWS\System32\ADVAPI32.dll
0x00007ff934e60000 - 0x00007ff934efe000 	C:\WINDOWS\System32\msvcrt.dll
0x00007ff934790000 - 0x00007ff934827000 	C:\WINDOWS\System32\sechost.dll
0x00007ff935180000 - 0x00007ff9352a0000 	C:\WINDOWS\System32\RPCRT4.dll
0x00007ff9363c0000 - 0x00007ff936554000 	C:\WINDOWS\System32\USER32.dll
0x00007ff9337d0000 - 0x00007ff9337f1000 	C:\WINDOWS\System32\win32u.dll
0x00007ff934830000 - 0x00007ff934856000 	C:\WINDOWS\System32\GDI32.dll
0x00007ff933630000 - 0x00007ff9337c6000 	C:\WINDOWS\System32\gdi32full.dll
0x00007ff933800000 - 0x00007ff93389e000 	C:\WINDOWS\System32\msvcp_win.dll
0x00007ff933e00000 - 0x00007ff933efa000 	C:\WINDOWS\System32\ucrtbase.dll
0x00007ff920850000 - 0x00007ff920ad4000 	C:\WINDOWS\WinSxS\amd64_microsoft.windows.common-controls_6595b64144ccf1df_6.0.18362.1198_none_9e820b57e45ad92f\COMCTL32.dll
0x00007ff9353e0000 - 0x00007ff935715000 	C:\WINDOWS\System32\combase.dll
0x00007ff934690000 - 0x00007ff934710000 	C:\WINDOWS\System32\bcryptPrimitives.dll
0x00007ff936560000 - 0x00007ff93658e000 	C:\WINDOWS\System32\IMM32.DLL
0x0000000051130000 - 0x0000000051202000 	C:\Program Files\Java\jdk1.8.0_251\jre\bin\msvcr100.dll
0x0000000050880000 - 0x000000005112b000 	C:\Program Files\Java\jdk1.8.0_251\jre\bin\server\jvm.dll
0x00007ff934930000 - 0x00007ff934938000 	C:\WINDOWS\System32\PSAPI.DLL
0x00007ff92e590000 - 0x00007ff92e599000 	C:\WINDOWS\SYSTEM32\WSOCK32.dll
0x00007ff936190000 - 0x00007ff9361ff000 	C:\WINDOWS\System32\WS2_32.dll
0x00007ff931150000 - 0x00007ff931174000 	C:\WINDOWS\SYSTEM32\WINMM.dll
0x00007ff92c7b0000 - 0x00007ff92c7ba000 	C:\WINDOWS\SYSTEM32\VERSION.dll
0x00007ff931120000 - 0x00007ff93114d000 	C:\WINDOWS\SYSTEM32\WINMMBASE.dll
0x00007ff933b50000 - 0x00007ff933b9a000 	C:\WINDOWS\System32\cfgmgr32.dll
0x00007ff91f9a0000 - 0x00007ff91f9af000 	C:\Program Files\Java\jdk1.8.0_251\jre\bin\verify.dll
0x00007ff91b520000 - 0x00007ff91b549000 	C:\Program Files\Java\jdk1.8.0_251\jre\bin\java.dll
0x00007ff91b4d0000 - 0x00007ff91b4e6000 	C:\Program Files\Java\jdk1.8.0_251\jre\bin\zip.dll
0x00007ff935750000 - 0x00007ff935e37000 	C:\WINDOWS\System32\SHELL32.dll
0x00007ff936590000 - 0x00007ff936639000 	C:\WINDOWS\System32\shcore.dll
0x00007ff933f00000 - 0x00007ff934681000 	C:\WINDOWS\System32\windows.storage.dll
0x00007ff9335b0000 - 0x00007ff9335d3000 	C:\WINDOWS\System32\profapi.dll
0x00007ff933560000 - 0x00007ff9335aa000 	C:\WINDOWS\System32\powrprof.dll
0x00007ff933530000 - 0x00007ff933540000 	C:\WINDOWS\System32\UMPDC.dll
0x00007ff936360000 - 0x00007ff9363b2000 	C:\WINDOWS\System32\shlwapi.dll
0x00007ff9335e0000 - 0x00007ff9335f1000 	C:\WINDOWS\System32\kernel.appcore.dll
0x00007ff934710000 - 0x00007ff934727000 	C:\WINDOWS\System32\cryptsp.dll
0x00007ff91b4b0000 - 0x00007ff91b4ca000 	C:\Program Files\Java\jdk1.8.0_251\jre\bin\net.dll
0x00007ff932d20000 - 0x00007ff932d87000 	C:\WINDOWS\system32\mswsock.dll
0x00007ff91b490000 - 0x00007ff91b4a2000 	C:\Program Files\Java\jdk1.8.0_251\jre\bin\nio.dll
0x00007ff932890000 - 0x00007ff9328c3000 	C:\WINDOWS\system32\rsaenh.dll
0x00007ff933600000 - 0x00007ff933626000 	C:\WINDOWS\System32\bcrypt.dll
0x00007ff933410000 - 0x00007ff933435000 	C:\WINDOWS\SYSTEM32\USERENV.dll
0x00007ff932ef0000 - 0x00007ff932efc000 	C:\WINDOWS\SYSTEM32\CRYPTBASE.dll
0x00007ff932a30000 - 0x00007ff932a6a000 	C:\WINDOWS\SYSTEM32\IPHLPAPI.DLL
0x00007ff936200000 - 0x00007ff936208000 	C:\WINDOWS\System32\NSI.dll
0x00007ff92c1f0000 - 0x00007ff92c206000 	C:\WINDOWS\SYSTEM32\dhcpcsvc6.DLL
0x00007ff92b720000 - 0x00007ff92b73c000 	C:\WINDOWS\SYSTEM32\dhcpcsvc.DLL
0x00007ff932a70000 - 0x00007ff932b3b000 	C:\WINDOWS\SYSTEM32\DNSAPI.dll
0x00007ff91f090000 - 0x00007ff91f09d000 	C:\Program Files\Java\jdk1.8.0_251\jre\bin\management.dll

VM Arguments:
jvm_args: -Dmaven.home=D:\maven\apache-maven-3.3.9 -Dclassworlds.conf=E:\rope\SSMShoping\.metadata\.plugins\org.eclipse.m2e.launching\launches\m2conf2741459668696991552.tmp -Dmaven.multiModuleProjectDirectory=E:\rope\SSMShoping\e3-sso -Dfile.encoding=GBK 
java_command: org.codehaus.plexus.classworlds.launcher.Launcher -B -s D:\maven\apache-maven-3.3.9\conf\settings.xml clean tomcat7:run
java_class_path (initial): D:\maven\apache-maven-3.3.9\boot\plexus-classworlds-2.5.2.jar
Launcher Type: SUN_STANDARD

Environment Variables:
JAVA_HOME=C:\Program Files\Java\jdk1.8.0_251
CLASSPATH=.;JAVA_HOME%/lib/tools.jar;C:\Program Files\Java\jdk1.8.0_251/lib/dt.jar
PATH=C:/Program Files/Java/jre1.8.0_251/bin/server;C:/Program Files/Java/jre1.8.0_251/bin;C:/Program Files/Java/jre1.8.0_251/lib/amd64;C:\Program Files (x86)\Common Files\Oracle\Java\javapath;C:\Program Files (x86)\NetSarang\Xftp 7\;C:\Program Files (x86)\NetSarang\Xshell 7\;D:\VMwareWorkstationsPro\bin\;C:\Program Files\Java\jdk1.8.0_251\bin;D:\maven\apache-maven-3.3.9\bin;C:\Program Files\Common Files\Oracle\Java\javapath;C:\Users\Administrator\AppData\Local\Programs\Python\Python37\Scripts\;C:\Users\Administrator\AppData\Local\Programs\Python\Python37\;C:\Program Files\Python37\Scripts\;C:\Program Files\Python37\;C:\Program Files (x86)\Intel\Intel(R) Management Engine Components\iCLS\;C:\Program Files\Intel\Intel(R) Management Engine Components\iCLS\;C:\WINDOWS\system32;C:\WINDOWS;C:\WINDOWS\System32\Wbem;C:\WINDOWS\System32\WindowsPowerShell\v1.0\;C:\WINDOWS\System32\OpenSSH\;D:\mysql\bin;C:\Program Files (x86)\NVIDIA Corporation\PhysX\Common;C:\Program Files\NVIDIA Corporation\NVIDIA NvDLISR;C:\Program Files (x86)\Intel\Intel(R) Management Engine Components\DAL;C:\Program Files\Intel\Intel(R) Management Engine Components\DAL;C:\Program Files (x86)\Intel\Intel(R) Management Engine Components\IPT;C:\Program Files\Intel\Intel(R) Management Engine Components\IPT;C:\Program Files\Microsoft SQL Server\130\Tools\Binn\;C:\WINDOWS\system32\config\systemprofile\.dnx\bin;C:\Program Files\Microsoft DNX\Dnvm\;D:\mongodb\server\bin;D:\node.js\node_global;D:\jboss\bin;D:\svn\bin;C:\Program Files\TortoiseGit\bin;D:\node.js\;C:\Program Files\Git\cmd;C:\Users\Administrator\AppData\Local\Microsoft\WindowsApps;D:\VSCode\Microsoft VS Code\bin;C:\Windows\System32;;D:\SSH;D:\IntelliJ IDEA 2020.1.2\bin;;D:\IntelliJ IDEA Community Edition 2019.2.4\bin;;D:\PyCharm 2019.3.3\bin;;C:\Users\Administrator\AppData\Roaming\npm;D:\eclipse-Mars4.5.2含sts插件\eclipse;
USERNAME=Administrator
OS=Windows_NT
PROCESSOR_IDENTIFIER=Intel64 Family 6 Model 94 Stepping 3, GenuineIntel



---------------  S Y S T E M  ---------------

OS: Windows 10.0 , 64 bit Build 18362 (10.0.18362.1110)

CPU:total 4 (initial active 4) (4 cores per cpu, 1 threads per core) family 6 model 94 stepping 3, cmov, cx8, fxsr, mmx, sse, sse2, sse3, ssse3, sse4.1, sse4.2, popcnt, avx, avx2, aes, clmul, erms, rtm, 3dnowpref, lzcnt, tsc, tscinvbit, bmi1, bmi2, adx

Memory: 4k page, physical 16600992k(4176532k free), swap 18848740k(3596k free)

vm_info: Java HotSpot(TM) 64-Bit Server VM (25.251-b08) for windows-amd64 JRE (1.8.0_251-b08), built on Mar 12 2020 06:31:49 by "" with MS VC++ 10.0 (VS2010)

time: Wed Nov 18 18:43:21 2020
timezone: 中国标准时间
elapsed time: 87 seconds (0d 0h 1m 27s)

